[2024/11/05 17:18:17]: §9          __             _       
[2024/11/05 17:18:17]: §9  _ __   / /  ___   __ _(_)_ __  
[2024/11/05 17:18:17]: §9 | '_ \ / /  / _ \ / _` | | '_ \ 
[2024/11/05 17:18:17]: §9 | | | / /__| (_) | (_| | | | | |
[2024/11/05 17:18:17]: §9 |_| |_\____/\___/ \__, |_|_| |_|
[2024/11/05 17:18:17]: §9                  |___/            
[2024/11/05 17:18:17]: §9 By: www.nickuc.com - V 10.4.13 DEVELOPMENT
[2024/11/05 17:18:17]: §9 
[2024/11/05 17:18:18]: §3[nLogin] [DEBUG] All settings were loaded in 847 ms.
[2024/11/05 17:18:19]: §3[nLogin] [DEBUG] Loading the messages_en.yml message file...
[2024/11/05 17:18:19]: §3[nLogin] [DEBUG] All plugin messages were loaded in 754 ms (languageByClient=false).
[2024/11/05 17:18:19]: §3[nLogin] [DEBUG] All proxy settings were loaded in 27 ms.
[2024/11/05 17:18:19]: §3[nLogin] [DEBUG] Loading database...
[2024/11/05 17:18:20]: §3[nLogin] [DEBUG] Starting logger filter...
[2024/11/05 17:18:26]: 
[2024/11/05 17:18:26]:  §bThank you so much for choosing nLogin! §4<3
[2024/11/05 17:18:26]: 
[2024/11/05 17:18:26]:  §4For your safety, please read the message below:
[2024/11/05 17:18:26]:   §cNever download nLogin from unknown sources.
[2024/11/05 17:18:26]:   §cA modified version may contain malicious software.
[2024/11/05 17:18:26]: 
[2024/11/05 17:18:26]:  §3Trusted sources:
[2024/11/05 17:18:26]:   §bwww.nickuc.com
[2024/11/05 17:18:26]:   §bwww.github.com/nickuc
[2024/11/05 17:18:26]:   §bOpeNLogin installer (from Spigot or GitHub)
[2024/11/05 17:18:26]: 
[2024/11/05 17:18:26]:  §3Official support channels:
[2024/11/05 17:18:26]:   §bDiscord group: §fwww.nickuc.com/discord
[2024/11/05 17:18:26]:   §bDocumentation: §fdocs.nickuc.com/nlogin/
[2024/11/05 17:18:26]:   §bEmail: §fsupport@nickuc.com
[2024/11/05 17:18:26]:   §bYouTube: §fyoutube.com/nickuc
[2024/11/05 17:18:26]: 
[2024/11/05 17:18:26]:  §eTo remove this warning, log in with "nlogin.admin" permission on the server
[2024/11/05 17:18:26]:  §eand click the "Setup plugin" button to configure your plugin.
[2024/11/05 17:18:26]: 
[2024/11/05 17:35:05]: [nLogin] Connection re-established with remote server
[2024/11/05 17:36:07]: [nLogin] Successful plugin core shutdown (took 0.82s)
