[2025/04/13 18:09:20]: §9          __             _       
[2025/04/13 18:09:20]: §9  _ __   / /  ___   __ _(_)_ __  
[2025/04/13 18:09:20]: §9 | '_ \ / /  / _ \ / _` | | '_ \ 
[2025/04/13 18:09:20]: §9 | | | / /__| (_) | (_| | | | | |
[2025/04/13 18:09:20]: §9 |_| |_\____/\___/ \__, |_|_| |_|
[2025/04/13 18:09:20]: §9                  |___/            
[2025/04/13 18:09:20]: §9 By: www.nickuc.com - V 10.4.21
[2025/04/13 18:09:20]: §9 
[2025/04/13 18:09:21]: §3[nLogin] [DEBUG] All settings were loaded in 161 ms.
[2025/04/13 18:09:21]: §3[nLogin] [DEBUG] Loading the messages_en.yml message file...
[2025/04/13 18:09:21]: §3[nLogin] [DEBUG] All plugin messages were loaded in 53 ms (languageByClient=false).
[2025/04/13 18:09:21]: §3[nLogin] [DEBUG] All proxy settings were loaded in 10 ms.
[2025/04/13 18:09:21]: §3[nLogin] [DEBUG] Loading database...
[2025/04/13 18:09:21]: §3[nLogin] [DEBUG] Starting logger filter...
[2025/04/13 18:09:26]: 
[2025/04/13 18:09:26]:  §bThank you so much for choosing nLogin! §4<3
[2025/04/13 18:09:26]: 
[2025/04/13 18:09:26]:  §4For your safety, please read the message below:
[2025/04/13 18:09:26]:   §cNever download nLogin from unknown sources.
[2025/04/13 18:09:26]:   §cA modified version may contain malicious software.
[2025/04/13 18:09:26]: 
[2025/04/13 18:09:26]:  §3Trusted sources:
[2025/04/13 18:09:26]:   §bwww.nickuc.com
[2025/04/13 18:09:26]:   §bwww.github.com/nickuc
[2025/04/13 18:09:26]:   §bOpeNLogin installer (from Spigot or GitHub)
[2025/04/13 18:09:26]: 
[2025/04/13 18:09:26]:  §3Official support channels:
[2025/04/13 18:09:26]:   §bDiscord group: §fwww.nickuc.com/discord
[2025/04/13 18:09:26]:   §bDocumentation: §fdocs.nickuc.com/nlogin/
[2025/04/13 18:09:26]:   §bEmail: §fsupport@nickuc.com
[2025/04/13 18:09:26]:   §bYouTube: §fyoutube.com/nickuc
[2025/04/13 18:09:26]: 
[2025/04/13 18:09:26]:  §eTo remove this warning, log in with "nlogin.admin" permission on the server
[2025/04/13 18:09:26]:  §eand click the "Setup plugin" button to configure your plugin.
[2025/04/13 18:09:26]: 
[2025/04/13 18:14:50]: §3[nLogin] [DEBUG] [SQLite] [UPDATE]: "UPDATE `nlogin` SET `last_name` = 'asdfasdfasdf1234', `unique_id` = 944b1b7176b5316284a33faa03a2472d,  `mojang_id` = null,  `bedrock_id` = null,  `password` = '$2a$10$KHQHZiuSDdbAKSpeA8p7Leydad5sQnbZenPVlQaOGjJUPKuyTVkee', `last_ip` = '172.58.166.29', `creation_date` = 2025-04-13 18:06:31.108, `last_seen` = 2025-04-13 18:14:50.148, `email` = null, `discord` = null, `settings` = '{"settings":[{"value":"lobby","key":"last-server"},{"value":"en","key":"language"}],"version":0}' WHERE `ai` = 1" (applied to [last_ip, last_seen, settings] columns)
[2025/04/13 18:14:50]: [nLogin] The user asdfasdfasdf1234 has successfully logged in.
[2025/04/13 18:15:39]: §3[nLogin] [DEBUG] [SQLite] [UPDATE]: "UPDATE `nlogin` SET `last_name` = 'asdfasdfasdf1234', `unique_id` = 944b1b7176b5316284a33faa03a2472d,  `mojang_id` = null,  `bedrock_id` = null,  `password` = '$2a$10$KHQHZiuSDdbAKSpeA8p7Leydad5sQnbZenPVlQaOGjJUPKuyTVkee', `last_ip` = '172.58.166.29', `creation_date` = 2025-04-13 18:06:31.108, `last_seen` = 2025-04-13 18:15:39.127, `email` = null, `discord` = null, `settings` = '{"settings":[{"value":"lobby","key":"last-server"},{"value":"en","key":"language"}],"version":0}' WHERE `ai` = 1" (applied to [last_seen, settings] columns)
[2025/04/13 18:35:20]: [nLogin] Successful plugin core shutdown (took 0.00s)
