[23:55:50] [main/INFO]: Using standard Java JCE cipher.
[23:55:50] [main/INFO]: Using standard Java compressor.
[23:55:50] [main/INFO]: Enabled Waterfall version git:Waterfall-Bootstrap:1.21-R0.1-SNAPSHOT:de8345a:579
[23:55:50] [main/WARN]: Waterfall has reached end of life and is no longer maintained. We recommend you transition to Velocity (https://papermc.io/software/velocity). For more information, see the announcement (https://forums.papermc.io/threads/1088/).
[23:55:50] [main/INFO]: Not on Windows, attempting to use enhanced EpollEventLoop
[23:55:50] [main/INFO]: Epoll is working, utilising it!
[23:55:50] [main/INFO]: Discovered module: ModuleSpec(name=cmd_alert, file=modules/cmd_alert.jar, provider=JenkinsModuleSource())
[23:55:50] [main/INFO]: Discovered module: ModuleSpec(name=cmd_find, file=modules/cmd_find.jar, provider=JenkinsModuleSource())
[23:55:50] [main/INFO]: Discovered module: ModuleSpec(name=cmd_list, file=modules/cmd_list.jar, provider=JenkinsModuleSource())
[23:55:50] [main/INFO]: Discovered module: ModuleSpec(name=cmd_send, file=modules/cmd_send.jar, provider=JenkinsModuleSource())
[23:55:50] [main/INFO]: Discovered module: ModuleSpec(name=cmd_server, file=modules/cmd_server.jar, provider=JenkinsModuleSource())
[23:55:50] [main/INFO]: Discovered module: ModuleSpec(name=reconnect_yaml, file=modules/reconnect_yaml.jar, provider=JenkinsModuleSource())
[23:55:50] [main/WARN] [ViaVersion]: ViaVersion does not work as intended across many different server versions, especially the more recent ones. Consider moving Via plugins to your backend server or switching to Velocity.
[23:55:50] [main/INFO]: Loaded plugin ViaVersion version 4.10.2 by _MylesC, creeper123123321, Gerrygames, kennytv, Matsv, EnZaXD, RK_01
[23:55:50] [main/INFO]: Loaded plugin ViaBackwards version 4.10.2 by Matsv, kennytv, Gerrygames, creeper123123321, ForceUpdate1, EnZaXD
[23:55:50] [main/INFO]: Loaded plugin ViaRewind version 3.1.2 by null
[23:55:50] [main/INFO]: Loaded plugin reconnect_yaml version git:reconnect_yaml:1.21-R0.1-SNAPSHOT:de8345a:579 by WaterfallMC
[23:55:50] [main/INFO]: Loaded plugin cmd_find version git:cmd_find:1.21-R0.1-SNAPSHOT:de8345a:579 by WaterfallMC
[23:55:50] [main/INFO]: Loaded plugin SkinsRestorer version 15.6.1 by knat, AlexProgrammerDE, Th3Tr0LLeR, McLive, DoNotSpamPls
[23:55:50] [main/INFO]: Loaded plugin cmd_server version git:cmd_server:1.21-R0.1-SNAPSHOT:de8345a:579 by WaterfallMC
[23:55:50] [main/INFO]: Loaded plugin cmd_alert version git:cmd_alert:1.21-R0.1-SNAPSHOT:de8345a:579 by WaterfallMC
[23:55:50] [main/INFO]: Loaded plugin BungeeGuard version 1.4.5 by Luck
[23:55:50] [main/INFO]: Loaded plugin cmd_send version git:cmd_send:1.21-R0.1-SNAPSHOT:de8345a:579 by WaterfallMC
[23:55:50] [main/INFO]: Loaded plugin cmd_list version git:cmd_list:1.21-R0.1-SNAPSHOT:de8345a:579 by WaterfallMC
[23:55:50] [main/WARN]: :>:>:>:>:>:>:>:>:>:>:>:>:>:>:>:>:>:>:>:>:>:>:>
[23:55:50] [main/WARN]: :>  
[23:55:50] [main/WARN]: :>      EAGLERCRAFTXBUNGEE WARNING:
[23:55:50] [main/WARN]: :>  
[23:55:50] [main/WARN]: :>  This plugin wasn't tested to be 'working'
[23:55:50] [main/WARN]: :>  with ANY version of BungeeCord (and forks)
[23:55:50] [main/WARN]: :>  apart from the versions listed below:
[23:55:50] [main/WARN]: :>  
[23:55:50] [main/WARN]: :>  - BungeeCord: 1.21-R0.1-SNAPSHOT:acb85e3:1871
[23:55:50] [main/WARN]: :>  - Waterfall: 1.21-R0.1-SNAPSHOT:de8345a:579
[23:55:50] [main/WARN]: :>  
[23:55:50] [main/WARN]: :>  This is not a Bukkit/Spigot plugin!
[23:55:50] [main/WARN]: :>  
[23:55:50] [main/WARN]: :>  Use "-Deaglerxbungee.stfu=true" to hide
[23:55:50] [main/WARN]: :>  
[23:55:50] [main/WARN]: :>:>:>:>:>:>:>:>:>:>:>:>:>:>:>:>:>:>:>:>:>:>:>
[23:55:50] [main/INFO] [EaglercraftXBungee]: Loading vanilla profile: lax1dude
[23:55:51] [Skin Download Thread #1/INFO] [EaglercraftXBungee]: Loaded vanilla profile: lax1dude
[23:55:51] [main/INFO]: Loaded plugin EaglercraftXBungee version 1.3.1 by lax1dude
[23:55:51] [main/WARN]: Forced host server pvp is not defined
[23:55:51] [Via-Mappingloader-0/INFO] [ViaVersion]: Loading block connection mappings ...
[23:55:52] [main/INFO] [ViaBackwards]: Loading translations...
[23:55:52] [main/INFO] [ViaBackwards]: Registering protocols...
[23:55:52] [main/INFO] [ViaRewind]: Registering protocols...
[23:55:52] [main/INFO] [ViaVersion]: ViaVersion detected lowest supported version by the proxy: 1.8.x (47)
[23:55:52] [main/INFO] [ViaVersion]: Highest supported version by the proxy: Unknown (767) (767)
[23:55:52] [ViaVersion Pool Thread #2/INFO] [ViaVersion]: Finished mapping loading, shutting down loader executor!
[23:55:52] [main/INFO]: Enabled plugin ViaVersion version 4.10.2 by _MylesC, creeper123123321, Gerrygames, kennytv, Matsv, EnZaXD, RK_01
[23:55:52] [main/INFO]: Enabled plugin ViaBackwards version 4.10.2 by Matsv, kennytv, Gerrygames, creeper123123321, ForceUpdate1, EnZaXD
[23:55:52] [main/INFO]: Enabled plugin ViaRewind version 3.1.2 by null
[23:55:52] [main/INFO]: Enabled plugin reconnect_yaml version git:reconnect_yaml:1.21-R0.1-SNAPSHOT:de8345a:579 by WaterfallMC
[23:55:52] [main/INFO]: Enabled plugin cmd_find version git:cmd_find:1.21-R0.1-SNAPSHOT:de8345a:579 by WaterfallMC
[23:55:52] [ViaVersion Pool Thread #4/WARN] [ViaVersion]: There is a newer plugin version available: 5.3.2, you're on: 4.10.2
[23:55:52] [main/INFO]: [33;1m[[32;22mSkinsRestorer[33;1m] [0;39mEnforcing default permissions plugin-side due to platform limitations.[0;39m
[23:55:52] [main/WARN]: [33;1m[[32;22mSkinsRestorer[33;1m] [0;39m[33;1mYou must agree to the rules at 'commands.perSkinPermissionsConsent' in the config to use per skin permissions.[0;39m
[23:55:53] [main/INFO]: Enabled plugin SkinsRestorer version 15.6.1 by knat, AlexProgrammerDE, Th3Tr0LLeR, McLive, DoNotSpamPls
[23:55:53] [main/INFO]: Enabled plugin cmd_server version git:cmd_server:1.21-R0.1-SNAPSHOT:de8345a:579 by WaterfallMC
[23:55:53] [main/INFO]: Enabled plugin cmd_alert version git:cmd_alert:1.21-R0.1-SNAPSHOT:de8345a:579 by WaterfallMC
[23:55:53] [main/INFO]: Enabled plugin BungeeGuard version 1.4.5 by Luck
[23:55:53] [main/INFO]: Enabled plugin cmd_send version git:cmd_send:1.21-R0.1-SNAPSHOT:de8345a:579 by WaterfallMC
[23:55:53] [main/INFO]: Enabled plugin cmd_list version git:cmd_list:1.21-R0.1-SNAPSHOT:de8345a:579 by WaterfallMC
[23:55:53] [main/ERROR] [EaglercraftXBungee]: Online mode is set to false! Authentication system has been disabled
[23:55:53] [Netty Boss IO Thread #0/INFO] [EaglercraftXBungee]: Eaglercraft is listening on: /0.0.0.0:8082
[23:55:53] [SkinsRestorer Pool Thread #1/INFO]: [33;1m[[32;22mSkinsRestorer[33;1m] [0;39m[32;1m----------------------------------------------[0;39m
[23:55:53] [SkinsRestorer Pool Thread #1/INFO]: [33;1m[[32;22mSkinsRestorer[33;1m] [0;39m[32;1m    +==================+[0;39m
[23:55:53] [SkinsRestorer Pool Thread #1/INFO]: [33;1m[[32;22mSkinsRestorer[33;1m] [0;39m[32;1m    |   SkinsRestorer  |[0;39m
[23:55:53] [SkinsRestorer Pool Thread #1/INFO]: [33;1m[[32;22mSkinsRestorer[33;1m] [0;39m[32;1m    +==================+[0;39m
[23:55:53] [SkinsRestorer Pool Thread #1/INFO]: [33;1m[[32;22mSkinsRestorer[33;1m] [0;39m[32;1m----------------------------------------------[0;39m
[23:55:53] [SkinsRestorer Pool Thread #1/INFO]: [33;1m[[32;22mSkinsRestorer[33;1m] [0;39m[36;1m    Version: [32;1m15.6.1[0;39m
[23:55:53] [SkinsRestorer Pool Thread #1/INFO]: [33;1m[[32;22mSkinsRestorer[33;1m] [0;39m[36;1m    Commit: [32;1m8687003[0;39m
[23:55:53] [SkinsRestorer Pool Thread #1/INFO]: [33;1m[[32;22mSkinsRestorer[33;1m] [0;39m[32;1m    This is the latest version![0;39m
[23:55:53] [SkinsRestorer Pool Thread #1/INFO]: [33;1m[[32;22mSkinsRestorer[33;1m] [0;39m[32;1m----------------------------------------------[0;39m
[23:55:53] [SkinsRestorer Pool Thread #1/INFO]: [33;1m[[32;22mSkinsRestorer[33;1m] [0;39m[34;1mDo you have issues? Read our troubleshooting guide: [33;1mhttps://skinsrestorer.net/docs/troubleshooting[0;39m
[23:55:53] [SkinsRestorer Pool Thread #1/INFO]: [33;1m[[32;22mSkinsRestorer[33;1m] [0;39m[34;1mWant to support SkinsRestorer? Consider donating: [33;1mhttps://skinsrestorer.net/donate[0;39m
[23:55:53] [main/INFO] [EaglercraftXBungee]: Connected to database: jdbc:sqlite:eaglercraft_skins_cache.db
[23:55:53] [main/INFO] [EaglercraftXBungee]: Voice chat disabled, add "allow_voice: true" to your listeners to enable
[23:55:53] [main/INFO]: Enabled plugin EaglercraftXBungee version 1.3.1 by lax1dude
[23:55:53] [Netty Boss IO Thread #1/INFO]: Listening on /127.0.0.1:25577
[23:55:53] [EaglerXBungee: Update Service Tasks/INFO] [EaglercraftXBungee]: Loaded certificate: /home/ubuntu/server/1.21.1-Eaglercraft-Server/bungee/plugins/EaglercraftXBungee/eagcert/$dl.ba375b9add3c01ca11899be958188189a3885a59.cert
[23:55:53] [EaglerXBungee: Update Service Tasks/INFO] [EaglercraftXBungee]: Loaded certificate: /home/ubuntu/server/1.21.1-Eaglercraft-Server/bungee/plugins/EaglercraftXBungee/eagcert/$dl.ac3aaed1273ced06ef766ab055337fbf29dc3347.cert
[23:56:51] [main/INFO]: Command not found
[23:56:53] [Shutdown Thread/INFO]: Closing listener [id: 0xc5acab50, L:/127.0.0.1:25577]
[23:56:53] [Shutdown Thread/INFO]: Closing pending connections
[23:56:53] [Shutdown Thread/INFO]: Disconnecting 0 connections
[23:56:53] [Shutdown Thread/INFO]: Disabling plugins
[23:56:53] [Shutdown Thread/INFO] [EaglercraftXBungee]: Eaglercraft listener closed: /0.0.0.0:8082
[23:56:53] [Shutdown Thread/INFO] [EaglercraftXBungee]: Successfully disconnected from database 'jdbc:sqlite:eaglercraft_skins_cache.db'
[23:56:53] [Shutdown Thread/INFO] [EaglercraftXBungee]: Stopping skin cache HTTP client...
[23:56:55] [Shutdown Thread/INFO]: Closing IO threads
[23:56:57] [Shutdown Thread/INFO]: Thank you and goodbye
