[2025/04/13 18:05:43]: §9          __             _       
[2025/04/13 18:05:43]: §9  _ __   / /  ___   __ _(_)_ __  
[2025/04/13 18:05:43]: §9 | '_ \ / /  / _ \ / _` | | '_ \ 
[2025/04/13 18:05:43]: §9 | | | / /__| (_) | (_| | | | | |
[2025/04/13 18:05:43]: §9 |_| |_\____/\___/ \__, |_|_| |_|
[2025/04/13 18:05:43]: §9                  |___/            
[2025/04/13 18:05:43]: §9 By: www.nickuc.com - V 10.4.21
[2025/04/13 18:05:43]: §9 
[2025/04/13 18:05:43]: §3[nLogin] [DEBUG] The config.yml file was created successfully.
[2025/04/13 18:05:46]: §3[nLogin] [DEBUG] All settings were loaded in 2079 ms.
[2025/04/13 18:05:46]: §3[nLogin] [DEBUG] Loading the messages_en.yml message file...
[2025/04/13 18:05:46]: §3[nLogin] [DEBUG] All plugin messages were loaded in 50 ms (languageByClient=false).
[2025/04/13 18:05:46]: §3[nLogin] [DEBUG] The file config.yml was created successfully.
[2025/04/13 18:05:46]: §3[nLogin] [DEBUG] All proxy settings were loaded in 12 ms.
[2025/04/13 18:05:46]: §3[nLogin] [DEBUG] Loading database...
[2025/04/13 18:05:46]: [nLogin] Generating RSA keypair... (this may take a while)
[2025/04/13 18:05:47]: [nLogin] §aThe RSA key pair was successfully generated. Took 1.43s
[2025/04/13 18:05:47]: §3[nLogin] [DEBUG] Starting logger filter...
[2025/04/13 18:05:52]: 
[2025/04/13 18:05:52]:  §bThank you so much for choosing nLogin! §4<3
[2025/04/13 18:05:52]: 
[2025/04/13 18:05:52]:  §4For your safety, please read the message below:
[2025/04/13 18:05:52]:   §cNever download nLogin from unknown sources.
[2025/04/13 18:05:52]:   §cA modified version may contain malicious software.
[2025/04/13 18:05:52]: 
[2025/04/13 18:05:52]:  §3Trusted sources:
[2025/04/13 18:05:52]:   §bwww.nickuc.com
[2025/04/13 18:05:52]:   §bwww.github.com/nickuc
[2025/04/13 18:05:52]:   §bOpeNLogin installer (from Spigot or GitHub)
[2025/04/13 18:05:52]: 
[2025/04/13 18:05:52]:  §3Official support channels:
[2025/04/13 18:05:52]:   §bDiscord group: §fwww.nickuc.com/discord
[2025/04/13 18:05:52]:   §bDocumentation: §fdocs.nickuc.com/nlogin/
[2025/04/13 18:05:52]:   §bEmail: §fsupport@nickuc.com
[2025/04/13 18:05:52]:   §bYouTube: §fyoutube.com/nickuc
[2025/04/13 18:05:52]: 
[2025/04/13 18:05:52]:  §eTo remove this warning, log in with "nlogin.admin" permission on the server
[2025/04/13 18:05:52]:  §eand click the "Setup plugin" button to configure your plugin.
[2025/04/13 18:05:52]: 
[2025/04/13 18:06:31]: §3[nLogin] [DEBUG] [SQLite] [UPDATE]: "INSERT INTO `nlogin` (`last_name`, `unique_id`, `mojang_id`, `bedrock_id`, `password`, `last_ip`, `creation_date`, `last_seen`, `email`, `discord`, `settings`) VALUES ('asdfasdfasdf1234', 944b1b7176b5316284a33faa03a2472d, null, null, '$2a$10$KHQHZiuSDdbAKSpeA8p7Leydad5sQnbZenPVlQaOGjJUPKuyTVkee', '172.58.166.29', '2025-04-13 18:06:31.108', '2025-04-13 18:06:31.108', null, null, '{"settings":[{"value":true,"key":"force-invalid-session"}],"version":0}')" (applied to all columns)
[2025/04/13 18:06:31]: [nLogin] The user asdfasdfasdf1234 has successfully registered.
[2025/04/13 18:07:15]: §3[nLogin] [DEBUG] [SQLite] [UPDATE]: "UPDATE `nlogin` SET `last_name` = 'asdfasdfasdf1234', `unique_id` = 944b1b7176b5316284a33faa03a2472d,  `mojang_id` = null,  `bedrock_id` = null,  `password` = '$2a$10$KHQHZiuSDdbAKSpeA8p7Leydad5sQnbZenPVlQaOGjJUPKuyTVkee', `last_ip` = '172.58.166.29', `creation_date` = 2025-04-13 18:06:31.108, `last_seen` = 2025-04-13 18:07:15.569, `email` = null, `discord` = null, `settings` = '{"settings":[{"value":true,"key":"force-invalid-session"},{"value":"lobby","key":"last-server"},{"value":"en","key":"language"}],"version":0}' WHERE `ai` = 1" (applied to [last_seen, settings] columns)
[2025/04/13 18:08:58]: [nLogin] Successful plugin core shutdown (took 0.00s)
