[0.033s][info][gc,init] CardTable entry size: 512
[0.033s][info][gc     ] Using G1
[3.666s][info][gc,init] Version: 21.0.6+7-LTS (release)
[3.666s][info][gc,init] CPUs: 4 total, 4 available
[3.666s][info][gc,init] Memory: 23980M
[3.666s][info][gc,init] Large Page Support: Disabled
[3.666s][info][gc,init] NUMA Support: Disabled
[3.666s][info][gc,init] Compressed Oops: Enabled (Zero based)
[3.666s][info][gc,init] Heap Region Size: 8M
[3.666s][info][gc,init] Heap Min Capacity: 8G
[3.666s][info][gc,init] Heap Initial Capacity: 8G
[3.666s][info][gc,init] Heap Max Capacity: 8G
[3.666s][info][gc,init] Pre-touch: Enabled
[3.666s][info][gc,init] Parallel Workers: 4
[3.666s][info][gc,init] Concurrent Workers: 1
[3.666s][info][gc,init] Concurrent Refinement Workers: 4
[3.666s][info][gc,init] Periodic GC: Disabled
[3.678s][info][gc,metaspace] CDS archive(s) mapped at: [0x0000009800000000-0x0000009800ca0000-0x0000009800ca0000), size 13238272, SharedBaseAddress: 0x0000009800000000, ArchiveRelocationMode: 1.
[3.678s][info][gc,metaspace] Compressed class space mapped at: 0x0000009801000000-0x0000009841000000, reserved size: 1073741824
[3.678s][info][gc,metaspace] Narrow klass base: 0x0000009800000000, Narrow klass shift: 0, Narrow klass range: 0x100000000
[4.987s][info][gc,start    ] GC(0) Pause Young (Concurrent Start) (Metadata GC Threshold)
[4.987s][info][gc,task     ] GC(0) Using 4 workers of 4 for evacuation
[4.994s][info][gc,phases   ] GC(0)   Pre Evacuate Collection Set: 0.3ms
[4.994s][info][gc,phases   ] GC(0)   Merge Heap Roots: 0.1ms
[4.994s][info][gc,phases   ] GC(0)   Evacuate Collection Set: 6.0ms
[4.994s][info][gc,phases   ] GC(0)   Post Evacuate Collection Set: 0.7ms
[4.994s][info][gc,phases   ] GC(0)   Other: 0.1ms
[4.994s][info][gc,heap     ] GC(0) Eden regions: 11->0(202)
[4.994s][info][gc,heap     ] GC(0) Survivor regions: 0->2(26)
[4.994s][info][gc,heap     ] GC(0) Old regions: 1->1
[4.994s][info][gc,heap     ] GC(0) Humongous regions: 0->0
[4.994s][info][gc,metaspace] GC(0) Metaspace: 21193K(21504K)->21193K(21504K) NonClass: 18703K(18880K)->18703K(18880K) Class: 2489K(2624K)->2489K(2624K)
[4.994s][info][gc          ] GC(0) Pause Young (Concurrent Start) (Metadata GC Threshold) 85M->10M(8192M) 7.271ms
[4.994s][info][gc,cpu      ] GC(0) User=0.02s Sys=0.00s Real=0.01s
[4.994s][info][gc          ] GC(1) Concurrent Mark Cycle
[4.994s][info][gc,marking  ] GC(1) Concurrent Scan Root Regions
[4.999s][info][gc,marking  ] GC(1) Concurrent Scan Root Regions 4.599ms
[4.999s][info][gc,marking  ] GC(1) Concurrent Mark
[4.999s][info][gc,marking  ] GC(1) Concurrent Mark From Roots
[4.999s][info][gc,task     ] GC(1) Using 1 workers of 1 for marking
[5.001s][info][gc,marking  ] GC(1) Concurrent Mark From Roots 2.183ms
[5.001s][info][gc,marking  ] GC(1) Concurrent Preclean
[5.001s][info][gc,marking  ] GC(1) Concurrent Preclean 0.007ms
[5.002s][info][gc,start    ] GC(1) Pause Remark
[5.004s][info][gc          ] GC(1) Pause Remark 18M->18M(8192M) 2.362ms
[5.004s][info][gc,cpu      ] GC(1) User=0.00s Sys=0.00s Real=0.01s
[5.004s][info][gc,marking  ] GC(1) Concurrent Mark 5.036ms
[5.004s][info][gc,marking  ] GC(1) Concurrent Rebuild Remembered Sets and Scrub Regions
[5.005s][info][gc,marking  ] GC(1) Concurrent Rebuild Remembered Sets and Scrub Regions 0.546ms
[5.005s][info][gc,start    ] GC(1) Pause Cleanup
[5.005s][info][gc          ] GC(1) Pause Cleanup 18M->18M(8192M) 0.221ms
[5.005s][info][gc,cpu      ] GC(1) User=0.00s Sys=0.00s Real=0.00s
[5.005s][info][gc,marking  ] GC(1) Concurrent Clear Claimed Marks
[5.005s][info][gc,marking  ] GC(1) Concurrent Clear Claimed Marks 0.015ms
[5.005s][info][gc,marking  ] GC(1) Concurrent Cleanup for Next Mark
[5.012s][info][gc,marking  ] GC(1) Concurrent Cleanup for Next Mark 7.005ms
[5.012s][info][gc          ] GC(1) Concurrent Mark Cycle 17.778ms
[6.340s][info][gc,start    ] GC(2) Pause Young (Prepare Mixed) (Metadata GC Threshold)
[6.340s][info][gc,task     ] GC(2) Using 4 workers of 4 for evacuation
[6.353s][info][gc,phases   ] GC(2)   Pre Evacuate Collection Set: 0.2ms
[6.353s][info][gc,phases   ] GC(2)   Merge Heap Roots: 0.0ms
[6.353s][info][gc,phases   ] GC(2)   Evacuate Collection Set: 11.3ms
[6.353s][info][gc,phases   ] GC(2)   Post Evacuate Collection Set: 1.0ms
[6.353s][info][gc,phases   ] GC(2)   Other: 0.0ms
[6.353s][info][gc,heap     ] GC(2) Eden regions: 11->0(201)
[6.353s][info][gc,heap     ] GC(2) Survivor regions: 2->3(26)
[6.353s][info][gc,heap     ] GC(2) Old regions: 1->1
[6.353s][info][gc,heap     ] GC(2) Humongous regions: 2->2
[6.353s][info][gc,metaspace] GC(2) Metaspace: 35758K(36160K)->35758K(36160K) NonClass: 31457K(31680K)->31457K(31680K) Class: 4301K(4480K)->4301K(4480K)
[6.353s][info][gc          ] GC(2) Pause Young (Prepare Mixed) (Metadata GC Threshold) 114M->33M(8192M) 12.715ms
[6.353s][info][gc,cpu      ] GC(2) User=0.03s Sys=0.00s Real=0.02s
[6.370s][info][gc,start    ] GC(3) Pause Young (Mixed) (Metadata GC Threshold)
[6.370s][info][gc,task     ] GC(3) Using 4 workers of 4 for evacuation
[6.382s][info][gc,phases   ] GC(3)   Pre Evacuate Collection Set: 0.2ms
[6.382s][info][gc,phases   ] GC(3)   Merge Heap Roots: 0.0ms
[6.383s][info][gc,phases   ] GC(3)   Evacuate Collection Set: 11.6ms
[6.383s][info][gc,phases   ] GC(3)   Post Evacuate Collection Set: 1.0ms
[6.383s][info][gc,phases   ] GC(3)   Other: 0.0ms
[6.383s][info][gc,heap     ] GC(3) Eden regions: 1->0(201)
[6.383s][info][gc,heap     ] GC(3) Survivor regions: 3->3(26)
[6.383s][info][gc,heap     ] GC(3) Old regions: 1->1
[6.383s][info][gc,heap     ] GC(3) Humongous regions: 2->2
[6.383s][info][gc,metaspace] GC(3) Metaspace: 35936K(36480K)->35936K(36480K) NonClass: 31605K(31872K)->31605K(31872K) Class: 4330K(4608K)->4330K(4608K)
[6.383s][info][gc          ] GC(3) Pause Young (Mixed) (Metadata GC Threshold) 41M->34M(8192M) 13.039ms
[6.383s][info][gc,cpu      ] GC(3) User=0.04s Sys=0.01s Real=0.02s
[6.407s][info][gc,start    ] GC(4) Pause Young (Concurrent Start) (Metadata GC Threshold)
[6.407s][info][gc,task     ] GC(4) Using 4 workers of 4 for evacuation
[6.417s][info][gc,phases   ] GC(4)   Pre Evacuate Collection Set: 0.2ms
[6.417s][info][gc,phases   ] GC(4)   Merge Heap Roots: 0.0ms
[6.417s][info][gc,phases   ] GC(4)   Evacuate Collection Set: 9.3ms
[6.417s][info][gc,phases   ] GC(4)   Post Evacuate Collection Set: 0.8ms
[6.417s][info][gc,phases   ] GC(4)   Other: 0.1ms
[6.417s][info][gc,heap     ] GC(4) Eden regions: 1->0(201)
[6.417s][info][gc,heap     ] GC(4) Survivor regions: 3->3(26)
[6.417s][info][gc,heap     ] GC(4) Old regions: 1->1
[6.417s][info][gc,heap     ] GC(4) Humongous regions: 2->2
[6.417s][info][gc,metaspace] GC(4) Metaspace: 36238K(36800K)->36238K(36800K) NonClass: 31860K(32128K)->31860K(32128K) Class: 4377K(4672K)->4377K(4672K)
[6.417s][info][gc          ] GC(4) Pause Young (Concurrent Start) (Metadata GC Threshold) 42M->33M(8192M) 10.622ms
[6.417s][info][gc,cpu      ] GC(4) User=0.03s Sys=0.00s Real=0.01s
[6.417s][info][gc          ] GC(5) Concurrent Mark Cycle
[6.417s][info][gc,marking  ] GC(5) Concurrent Scan Root Regions
[6.425s][info][gc,marking  ] GC(5) Concurrent Scan Root Regions 7.048ms
[6.425s][info][gc,marking  ] GC(5) Concurrent Mark
[6.425s][info][gc,marking  ] GC(5) Concurrent Mark From Roots
[6.425s][info][gc,task     ] GC(5) Using 1 workers of 1 for marking
[6.426s][info][gc,marking  ] GC(5) Concurrent Mark From Roots 1.749ms
[6.426s][info][gc,marking  ] GC(5) Concurrent Preclean
[6.426s][info][gc,marking  ] GC(5) Concurrent Preclean 0.006ms
[6.426s][info][gc,start    ] GC(5) Pause Remark
[6.430s][info][gc          ] GC(5) Pause Remark 41M->41M(8192M) 3.867ms
[6.430s][info][gc,cpu      ] GC(5) User=0.01s Sys=0.00s Real=0.00s
[6.433s][info][gc,marking  ] GC(5) Concurrent Mark 8.183ms
[6.433s][info][gc,marking  ] GC(5) Concurrent Rebuild Remembered Sets and Scrub Regions
[6.434s][info][gc,marking  ] GC(5) Concurrent Rebuild Remembered Sets and Scrub Regions 1.244ms
[6.435s][info][gc,start    ] GC(5) Pause Cleanup
[6.435s][info][gc          ] GC(5) Pause Cleanup 41M->41M(8192M) 0.183ms
[6.435s][info][gc,cpu      ] GC(5) User=0.00s Sys=0.00s Real=0.00s
[6.435s][info][gc,marking  ] GC(5) Concurrent Clear Claimed Marks
[6.435s][info][gc,marking  ] GC(5) Concurrent Clear Claimed Marks 0.076ms
[6.435s][info][gc,marking  ] GC(5) Concurrent Cleanup for Next Mark
[6.442s][info][gc,marking  ] GC(5) Concurrent Cleanup for Next Mark 7.431ms
[6.442s][info][gc          ] GC(5) Concurrent Mark Cycle 25.019ms
