[0.031s][info][gc,init] CardTable entry size: 512
[0.031s][info][gc     ] Using G1
[2.363s][info][gc,init] Version: 21.0.6+7-LTS (release)
[2.363s][info][gc,init] CPUs: 4 total, 4 available
[2.363s][info][gc,init] Memory: 23980M
[2.363s][info][gc,init] Large Page Support: Disabled
[2.363s][info][gc,init] NUMA Support: Disabled
[2.363s][info][gc,init] Compressed Oops: Enabled (Zero based)
[2.363s][info][gc,init] Heap Region Size: 8M
[2.363s][info][gc,init] Heap Min Capacity: 8G
[2.363s][info][gc,init] Heap Initial Capacity: 8G
[2.363s][info][gc,init] Heap Max Capacity: 8G
[2.363s][info][gc,init] Pre-touch: Enabled
[2.363s][info][gc,init] Parallel Workers: 4
[2.363s][info][gc,init] Concurrent Workers: 1
[2.363s][info][gc,init] Concurrent Refinement Workers: 4
[2.363s][info][gc,init] Periodic GC: Disabled
[2.378s][info][gc,metaspace] CDS archive(s) mapped at: [0x0000003800000000-0x0000003800ca0000-0x0000003800ca0000), size 13238272, SharedBaseAddress: 0x0000003800000000, ArchiveRelocationMode: 1.
[2.378s][info][gc,metaspace] Compressed class space mapped at: 0x0000003801000000-0x0000003841000000, reserved size: 1073741824
[2.378s][info][gc,metaspace] Narrow klass base: 0x0000003800000000, Narrow klass shift: 0, Narrow klass range: 0x100000000
[4.209s][info][gc,start    ] GC(0) Pause Young (Concurrent Start) (Metadata GC Threshold)
[4.209s][info][gc,task     ] GC(0) Using 4 workers of 4 for evacuation
[4.215s][info][gc,phases   ] GC(0)   Pre Evacuate Collection Set: 0.2ms
[4.215s][info][gc,phases   ] GC(0)   Merge Heap Roots: 0.1ms
[4.215s][info][gc,phases   ] GC(0)   Evacuate Collection Set: 5.0ms
[4.215s][info][gc,phases   ] GC(0)   Post Evacuate Collection Set: 0.7ms
[4.215s][info][gc,phases   ] GC(0)   Other: 0.1ms
[4.215s][info][gc,heap     ] GC(0) Eden regions: 30->0(202)
[4.215s][info][gc,heap     ] GC(0) Survivor regions: 0->2(26)
[4.215s][info][gc,heap     ] GC(0) Old regions: 1->1
[4.215s][info][gc,heap     ] GC(0) Humongous regions: 68->0
[4.215s][info][gc,metaspace] GC(0) Metaspace: 21082K(21504K)->21082K(21504K) NonClass: 18762K(19008K)->18762K(19008K) Class: 2320K(2496K)->2320K(2496K)
[4.215s][info][gc          ] GC(0) Pause Young (Concurrent Start) (Metadata GC Threshold) 781M->14M(8192M) 6.338ms
[4.215s][info][gc,cpu      ] GC(0) User=0.03s Sys=0.00s Real=0.00s
[4.215s][info][gc          ] GC(1) Concurrent Mark Cycle
[4.215s][info][gc,marking  ] GC(1) Concurrent Scan Root Regions
[4.220s][info][gc,marking  ] GC(1) Concurrent Scan Root Regions 4.337ms
[4.220s][info][gc,marking  ] GC(1) Concurrent Mark
[4.220s][info][gc,marking  ] GC(1) Concurrent Mark From Roots
[4.220s][info][gc,task     ] GC(1) Using 1 workers of 1 for marking
[4.222s][info][gc,marking  ] GC(1) Concurrent Mark From Roots 1.827ms
[4.222s][info][gc,marking  ] GC(1) Concurrent Preclean
[4.222s][info][gc,marking  ] GC(1) Concurrent Preclean 0.009ms
[4.222s][info][gc,start    ] GC(1) Pause Remark
[4.225s][info][gc          ] GC(1) Pause Remark 22M->22M(8192M) 2.492ms
[4.225s][info][gc,cpu      ] GC(1) User=0.00s Sys=0.01s Real=0.00s
[4.225s][info][gc,marking  ] GC(1) Concurrent Mark 4.745ms
[4.225s][info][gc,marking  ] GC(1) Concurrent Rebuild Remembered Sets and Scrub Regions
[4.225s][info][gc,marking  ] GC(1) Concurrent Rebuild Remembered Sets and Scrub Regions 0.632ms
[4.226s][info][gc,start    ] GC(1) Pause Cleanup
[4.226s][info][gc          ] GC(1) Pause Cleanup 22M->22M(8192M) 0.166ms
[4.226s][info][gc,cpu      ] GC(1) User=0.00s Sys=0.00s Real=0.00s
[4.226s][info][gc,marking  ] GC(1) Concurrent Clear Claimed Marks
[4.226s][info][gc,marking  ] GC(1) Concurrent Clear Claimed Marks 0.037ms
[4.226s][info][gc,marking  ] GC(1) Concurrent Cleanup for Next Mark
[4.233s][info][gc,marking  ] GC(1) Concurrent Cleanup for Next Mark 6.594ms
[4.233s][info][gc          ] GC(1) Concurrent Mark Cycle 17.127ms
[5.489s][info][gc,start    ] GC(2) Pause Young (Prepare Mixed) (Metadata GC Threshold)
[5.489s][info][gc,task     ] GC(2) Using 4 workers of 4 for evacuation
[5.527s][info][gc,phases   ] GC(2)   Pre Evacuate Collection Set: 0.2ms
[5.527s][info][gc,phases   ] GC(2)   Merge Heap Roots: 0.0ms
[5.527s][info][gc,phases   ] GC(2)   Evacuate Collection Set: 35.7ms
[5.527s][info][gc,phases   ] GC(2)   Post Evacuate Collection Set: 1.9ms
[5.527s][info][gc,phases   ] GC(2)   Other: 0.1ms
[5.527s][info][gc,heap     ] GC(2) Eden regions: 41->0(196)
[5.527s][info][gc,heap     ] GC(2) Survivor regions: 2->8(26)
[5.527s][info][gc,heap     ] GC(2) Old regions: 1->1
[5.527s][info][gc,heap     ] GC(2) Humongous regions: 0->0
[5.527s][info][gc,metaspace] GC(2) Metaspace: 35636K(36160K)->35636K(36160K) NonClass: 31558K(31872K)->31558K(31872K) Class: 4077K(4288K)->4077K(4288K)
[5.527s][info][gc          ] GC(2) Pause Young (Prepare Mixed) (Metadata GC Threshold) 342M->65M(8192M) 38.139ms
[5.527s][info][gc,cpu      ] GC(2) User=0.10s Sys=0.00s Real=0.03s
[5.555s][info][gc,start    ] GC(3) Pause Young (Mixed) (Metadata GC Threshold)
[5.555s][info][gc,task     ] GC(3) Using 4 workers of 4 for evacuation
[5.579s][info][gc,phases   ] GC(3)   Pre Evacuate Collection Set: 0.2ms
[5.579s][info][gc,phases   ] GC(3)   Merge Heap Roots: 0.1ms
[5.579s][info][gc,phases   ] GC(3)   Evacuate Collection Set: 22.0ms
[5.579s][info][gc,phases   ] GC(3)   Post Evacuate Collection Set: 1.4ms
[5.579s][info][gc,phases   ] GC(3)   Other: 0.1ms
[5.579s][info][gc,heap     ] GC(3) Eden regions: 1->0(196)
[5.579s][info][gc,heap     ] GC(3) Survivor regions: 8->8(26)
[5.579s][info][gc,heap     ] GC(3) Old regions: 1->1
[5.579s][info][gc,heap     ] GC(3) Humongous regions: 0->0
[5.579s][info][gc,metaspace] GC(3) Metaspace: 35942K(36480K)->35942K(36480K) NonClass: 31811K(32128K)->31811K(32128K) Class: 4131K(4352K)->4131K(4352K)
[5.579s][info][gc          ] GC(3) Pause Young (Mixed) (Metadata GC Threshold) 72M->64M(8192M) 23.877ms
[5.579s][info][gc,cpu      ] GC(3) User=0.09s Sys=0.00s Real=0.03s
[5.650s][info][gc,start    ] GC(4) Pause Young (Concurrent Start) (Metadata GC Threshold)
[5.650s][info][gc,task     ] GC(4) Using 4 workers of 4 for evacuation
[5.674s][info][gc,phases   ] GC(4)   Pre Evacuate Collection Set: 0.2ms
[5.674s][info][gc,phases   ] GC(4)   Merge Heap Roots: 0.0ms
[5.674s][info][gc,phases   ] GC(4)   Evacuate Collection Set: 22.1ms
[5.674s][info][gc,phases   ] GC(4)   Post Evacuate Collection Set: 1.4ms
[5.674s][info][gc,phases   ] GC(4)   Other: 0.1ms
[5.674s][info][gc,heap     ] GC(4) Eden regions: 3->0(195)
[5.674s][info][gc,heap     ] GC(4) Survivor regions: 8->9(26)
[5.674s][info][gc,heap     ] GC(4) Old regions: 1->1
[5.674s][info][gc,heap     ] GC(4) Humongous regions: 0->0
[5.674s][info][gc,metaspace] GC(4) Metaspace: 36296K(36800K)->36296K(36800K) NonClass: 32087K(32384K)->32087K(32384K) Class: 4208K(4416K)->4208K(4416K)
[5.674s][info][gc          ] GC(4) Pause Young (Concurrent Start) (Metadata GC Threshold) 84M->67M(8192M) 24.040ms
[5.674s][info][gc,cpu      ] GC(4) User=0.09s Sys=0.00s Real=0.02s
[5.674s][info][gc          ] GC(5) Concurrent Mark Cycle
[5.674s][info][gc,marking  ] GC(5) Concurrent Scan Root Regions
[5.699s][info][gc,marking  ] GC(5) Concurrent Scan Root Regions 24.829ms
[5.699s][info][gc,marking  ] GC(5) Concurrent Mark
[5.699s][info][gc,marking  ] GC(5) Concurrent Mark From Roots
[5.699s][info][gc,task     ] GC(5) Using 1 workers of 1 for marking
[5.701s][info][gc,marking  ] GC(5) Concurrent Mark From Roots 1.816ms
[5.701s][info][gc,marking  ] GC(5) Concurrent Preclean
[5.701s][info][gc,marking  ] GC(5) Concurrent Preclean 0.007ms
[5.701s][info][gc,start    ] GC(5) Pause Remark
[5.705s][info][gc          ] GC(5) Pause Remark 79M->79M(8192M) 4.033ms
[5.705s][info][gc,cpu      ] GC(5) User=0.01s Sys=0.00s Real=0.00s
[5.705s][info][gc,marking  ] GC(5) Concurrent Mark 6.275ms
[5.705s][info][gc,marking  ] GC(5) Concurrent Rebuild Remembered Sets and Scrub Regions
[5.706s][info][gc,marking  ] GC(5) Concurrent Rebuild Remembered Sets and Scrub Regions 0.617ms
[5.706s][info][gc,start    ] GC(5) Pause Cleanup
[5.706s][info][gc          ] GC(5) Pause Cleanup 79M->79M(8192M) 0.181ms
[5.706s][info][gc,cpu      ] GC(5) User=0.00s Sys=0.00s Real=0.00s
[5.707s][info][gc,marking  ] GC(5) Concurrent Clear Claimed Marks
[5.707s][info][gc,marking  ] GC(5) Concurrent Clear Claimed Marks 0.074ms
[5.707s][info][gc,marking  ] GC(5) Concurrent Cleanup for Next Mark
[5.714s][info][gc,marking  ] GC(5) Concurrent Cleanup for Next Mark 6.628ms
[5.714s][info][gc          ] GC(5) Concurrent Mark Cycle 39.599ms
[8.691s][info][gc,start    ] GC(6) Pause Young (Concurrent Start) (Metadata GC Threshold)
[8.691s][info][gc,task     ] GC(6) Using 4 workers of 4 for evacuation
[8.787s][info][gc,phases   ] GC(6)   Pre Evacuate Collection Set: 0.3ms
[8.787s][info][gc,phases   ] GC(6)   Merge Heap Roots: 0.1ms
[8.787s][info][gc,phases   ] GC(6)   Evacuate Collection Set: 92.4ms
[8.787s][info][gc,phases   ] GC(6)   Post Evacuate Collection Set: 3.0ms
[8.787s][info][gc,phases   ] GC(6)   Other: 0.1ms
[8.787s][info][gc,heap     ] GC(6) Eden regions: 77->0(182)
[8.787s][info][gc,heap     ] GC(6) Survivor regions: 9->22(26)
[8.787s][info][gc,heap     ] GC(6) Old regions: 1->1
[8.787s][info][gc,heap     ] GC(6) Humongous regions: 0->0
[8.787s][info][gc,metaspace] GC(6) Metaspace: 60693K(61440K)->60693K(61440K) NonClass: 52222K(52608K)->52222K(52608K) Class: 8471K(8832K)->8471K(8832K)
[8.787s][info][gc          ] GC(6) Pause Young (Concurrent Start) (Metadata GC Threshold) 683M->176M(8192M) 96.027ms
[8.787s][info][gc,cpu      ] GC(6) User=0.37s Sys=0.00s Real=0.10s
[8.787s][info][gc          ] GC(7) Concurrent Mark Cycle
[8.787s][info][gc,marking  ] GC(7) Concurrent Scan Root Regions
[8.869s][info][gc,marking  ] GC(7) Concurrent Scan Root Regions 81.894ms
[8.869s][info][gc,marking  ] GC(7) Concurrent Mark
[8.869s][info][gc,marking  ] GC(7) Concurrent Mark From Roots
[8.869s][info][gc,task     ] GC(7) Using 1 workers of 1 for marking
[8.871s][info][gc,marking  ] GC(7) Concurrent Mark From Roots 1.707ms
[8.871s][info][gc,marking  ] GC(7) Concurrent Preclean
[8.871s][info][gc,marking  ] GC(7) Concurrent Preclean 0.008ms
[8.871s][info][gc,start    ] GC(7) Pause Remark
[8.878s][info][gc          ] GC(7) Pause Remark 188M->188M(8192M) 6.531ms
[8.878s][info][gc,cpu      ] GC(7) User=0.01s Sys=0.00s Real=0.01s
[8.878s][info][gc,marking  ] GC(7) Concurrent Mark 8.481ms
[8.878s][info][gc,marking  ] GC(7) Concurrent Rebuild Remembered Sets and Scrub Regions
[8.878s][info][gc,marking  ] GC(7) Concurrent Rebuild Remembered Sets and Scrub Regions 0.702ms
[8.879s][info][gc,start    ] GC(7) Pause Cleanup
[8.879s][info][gc          ] GC(7) Pause Cleanup 188M->188M(8192M) 0.178ms
[8.879s][info][gc,cpu      ] GC(7) User=0.00s Sys=0.00s Real=0.00s
[8.879s][info][gc,marking  ] GC(7) Concurrent Clear Claimed Marks
[8.879s][info][gc,marking  ] GC(7) Concurrent Clear Claimed Marks 0.063ms
[8.879s][info][gc,marking  ] GC(7) Concurrent Cleanup for Next Mark
[8.886s][info][gc,marking  ] GC(7) Concurrent Cleanup for Next Mark 6.843ms
[8.886s][info][gc          ] GC(7) Concurrent Mark Cycle 98.567ms
[13.859s][info][gc,start    ] GC(8) Pause Young (Concurrent Start) (Metadata GC Threshold)
[13.859s][info][gc,task     ] GC(8) Using 4 workers of 4 for evacuation
[13.971s][info][gc,mmu      ] GC(8) MMU target violated: 101.0ms (100.0ms/101.0ms)
[13.971s][info][gc,phases   ] GC(8)   Pre Evacuate Collection Set: 0.3ms
[13.971s][info][gc,phases   ] GC(8)   Merge Heap Roots: 0.1ms
[13.971s][info][gc,phases   ] GC(8)   Evacuate Collection Set: 106.7ms
[13.971s][info][gc,phases   ] GC(8)   Post Evacuate Collection Set: 4.4ms
[13.971s][info][gc,phases   ] GC(8)   Other: 0.3ms
[13.971s][info][gc,heap     ] GC(8) Eden regions: 130->0(197)
[13.971s][info][gc,heap     ] GC(8) Survivor regions: 22->7(26)
[13.971s][info][gc,heap     ] GC(8) Old regions: 1->22
[13.971s][info][gc,heap     ] GC(8) Humongous regions: 0->0
[13.971s][info][gc,metaspace] GC(8) Metaspace: 103226K(104256K)->103226K(104256K) NonClass: 89609K(90176K)->89609K(90176K) Class: 13616K(14080K)->13616K(14080K)
[13.971s][info][gc          ] GC(8) Pause Young (Concurrent Start) (Metadata GC Threshold) 1216M->226M(8192M) 111.828ms
[13.971s][info][gc,cpu      ] GC(8) User=0.41s Sys=0.00s Real=0.11s
[13.971s][info][gc          ] GC(9) Concurrent Mark Cycle
[13.971s][info][gc,marking  ] GC(9) Concurrent Scan Root Regions
[14.076s][info][gc,marking  ] GC(9) Concurrent Scan Root Regions 105.095ms
[14.076s][info][gc,marking  ] GC(9) Concurrent Mark
[14.076s][info][gc,marking  ] GC(9) Concurrent Mark From Roots
[14.076s][info][gc,task     ] GC(9) Using 1 workers of 1 for marking
[14.079s][info][gc,marking  ] GC(9) Concurrent Mark From Roots 2.091ms
[14.079s][info][gc,marking  ] GC(9) Concurrent Preclean
[14.079s][info][gc,marking  ] GC(9) Concurrent Preclean 0.068ms
[14.079s][info][gc,start    ] GC(9) Pause Remark
[14.090s][info][gc          ] GC(9) Pause Remark 238M->238M(8192M) 11.653ms
[14.090s][info][gc,cpu      ] GC(9) User=0.04s Sys=0.00s Real=0.01s
[14.091s][info][gc,marking  ] GC(9) Concurrent Mark 14.219ms
[14.091s][info][gc,marking  ] GC(9) Concurrent Rebuild Remembered Sets and Scrub Regions
[14.167s][info][gc,marking  ] GC(9) Concurrent Rebuild Remembered Sets and Scrub Regions 76.798ms
[14.168s][info][gc,start    ] GC(9) Pause Cleanup
[14.168s][info][gc          ] GC(9) Pause Cleanup 246M->246M(8192M) 0.174ms
[14.168s][info][gc,cpu      ] GC(9) User=0.00s Sys=0.00s Real=0.00s
[14.168s][info][gc,marking  ] GC(9) Concurrent Clear Claimed Marks
[14.168s][info][gc,marking  ] GC(9) Concurrent Clear Claimed Marks 0.099ms
[14.168s][info][gc,marking  ] GC(9) Concurrent Cleanup for Next Mark
[14.175s][info][gc,marking  ] GC(9) Concurrent Cleanup for Next Mark 6.691ms
[14.175s][info][gc          ] GC(9) Concurrent Mark Cycle 203.567ms
[21.466s][info][gc,start    ] GC(10) Pause Young (Normal) (G1 Evacuation Pause)
[21.466s][info][gc,task     ] GC(10) Using 4 workers of 4 for evacuation
[21.537s][info][gc,phases   ] GC(10)   Pre Evacuate Collection Set: 0.3ms
[21.537s][info][gc,phases   ] GC(10)   Merge Heap Roots: 0.2ms
[21.537s][info][gc,phases   ] GC(10)   Evacuate Collection Set: 67.3ms
[21.537s][info][gc,phases   ] GC(10)   Post Evacuate Collection Set: 3.0ms
[21.537s][info][gc,phases   ] GC(10)   Other: 0.1ms
[21.537s][info][gc,heap     ] GC(10) Eden regions: 197->0(185)
[21.537s][info][gc,heap     ] GC(10) Survivor regions: 7->19(26)
[21.537s][info][gc,heap     ] GC(10) Old regions: 22->22
[21.537s][info][gc,heap     ] GC(10) Humongous regions: 0->0
[21.537s][info][gc,metaspace] GC(10) Metaspace: 162595K(164160K)->162595K(164160K) NonClass: 137715K(138624K)->137715K(138624K) Class: 24879K(25536K)->24879K(25536K)
[21.537s][info][gc          ] GC(10) Pause Young (Normal) (G1 Evacuation Pause) 1802M->322M(8192M) 71.144ms
[21.537s][info][gc,cpu      ] GC(10) User=0.28s Sys=0.00s Real=0.08s
[275.246s][info][gc,start    ] GC(11) Pause Young (Concurrent Start) (CodeCache GC Threshold)
[275.246s][info][gc,task     ] GC(11) Using 4 workers of 4 for evacuation
[275.329s][info][gc,phases   ] GC(11)   Pre Evacuate Collection Set: 0.7ms
[275.329s][info][gc,phases   ] GC(11)   Merge Heap Roots: 0.5ms
[275.329s][info][gc,phases   ] GC(11)   Evacuate Collection Set: 78.4ms
[275.329s][info][gc,phases   ] GC(11)   Post Evacuate Collection Set: 3.0ms
[275.329s][info][gc,phases   ] GC(11)   Other: 0.2ms
[275.329s][info][gc,heap     ] GC(11) Eden regions: 93->0(188)
[275.329s][info][gc,heap     ] GC(11) Survivor regions: 19->16(26)
[275.329s][info][gc,heap     ] GC(11) Old regions: 22->28
[275.329s][info][gc,heap     ] GC(11) Humongous regions: 0->0
[275.329s][info][gc,metaspace] GC(11) Metaspace: 174044K(175808K)->174044K(175808K) NonClass: 147758K(148736K)->147758K(148736K) Class: 26285K(27072K)->26285K(27072K)
[275.329s][info][gc          ] GC(11) Pause Young (Concurrent Start) (CodeCache GC Threshold) 1065M->348M(8192M) 82.828ms
[275.329s][info][gc,cpu      ] GC(11) User=0.32s Sys=0.00s Real=0.09s
[275.329s][info][gc          ] GC(12) Concurrent Mark Cycle
[275.329s][info][gc,marking  ] GC(12) Concurrent Scan Root Regions
[275.411s][info][gc,marking  ] GC(12) Concurrent Scan Root Regions 82.250ms
[275.411s][info][gc,marking  ] GC(12) Concurrent Mark
[275.411s][info][gc,marking  ] GC(12) Concurrent Mark From Roots
[275.411s][info][gc,task     ] GC(12) Using 1 workers of 1 for marking
[275.634s][info][gc,marking  ] GC(12) Concurrent Mark From Roots 222.633ms
[275.634s][info][gc,marking  ] GC(12) Concurrent Preclean
[275.634s][info][gc,marking  ] GC(12) Concurrent Preclean 0.371ms
[275.634s][info][gc,start    ] GC(12) Pause Remark
[275.654s][info][gc          ] GC(12) Pause Remark 360M->360M(8192M) 19.872ms
[275.654s][info][gc,cpu      ] GC(12) User=0.06s Sys=0.00s Real=0.02s
[275.654s][info][gc,marking  ] GC(12) Concurrent Mark 243.119ms
[275.654s][info][gc,marking  ] GC(12) Concurrent Rebuild Remembered Sets and Scrub Regions
[275.769s][info][gc,marking  ] GC(12) Concurrent Rebuild Remembered Sets and Scrub Regions 114.916ms
[275.769s][info][gc,start    ] GC(12) Pause Cleanup
[275.770s][info][gc          ] GC(12) Pause Cleanup 360M->360M(8192M) 0.230ms
[275.770s][info][gc,cpu      ] GC(12) User=0.00s Sys=0.00s Real=0.00s
[275.770s][info][gc,marking  ] GC(12) Concurrent Clear Claimed Marks
[275.770s][info][gc,marking  ] GC(12) Concurrent Clear Claimed Marks 0.171ms
[275.770s][info][gc,marking  ] GC(12) Concurrent Cleanup for Next Mark
[275.779s][info][gc,marking  ] GC(12) Concurrent Cleanup for Next Mark 9.331ms
[275.779s][info][gc          ] GC(12) Concurrent Mark Cycle 450.504ms
[1536.139s][info][gc,start    ] GC(13) Pause Young (Prepare Mixed) (G1 Evacuation Pause)
[1536.139s][info][gc,task     ] GC(13) Using 4 workers of 4 for evacuation
[1536.214s][info][gc,phases   ] GC(13)   Pre Evacuate Collection Set: 0.7ms
[1536.214s][info][gc,phases   ] GC(13)   Merge Heap Roots: 0.4ms
[1536.214s][info][gc,phases   ] GC(13)   Evacuate Collection Set: 71.2ms
[1536.214s][info][gc,phases   ] GC(13)   Post Evacuate Collection Set: 2.2ms
[1536.214s][info][gc,phases   ] GC(13)   Other: 0.1ms
[1536.214s][info][gc,heap     ] GC(13) Eden regions: 188->0(200)
[1536.214s][info][gc,heap     ] GC(13) Survivor regions: 16->4(26)
[1536.214s][info][gc,heap     ] GC(13) Old regions: 28->41
[1536.214s][info][gc,heap     ] GC(13) Humongous regions: 0->0
[1536.214s][info][gc,metaspace] GC(13) Metaspace: 175896K(177600K)->175896K(177600K) NonClass: 149303K(150272K)->149303K(150272K) Class: 26592K(27328K)->26592K(27328K)
[1536.214s][info][gc          ] GC(13) Pause Young (Prepare Mixed) (G1 Evacuation Pause) 1852M->353M(8192M) 74.981ms
[1536.214s][info][gc,cpu      ] GC(13) User=0.28s Sys=0.00s Real=0.07s
[3012.431s][info][gc,start    ] GC(14) Pause Young (Mixed) (G1 Evacuation Pause)
[3012.431s][info][gc,task     ] GC(14) Using 4 workers of 4 for evacuation
[3012.468s][info][gc,phases   ] GC(14)   Pre Evacuate Collection Set: 0.9ms
[3012.468s][info][gc,phases   ] GC(14)   Merge Heap Roots: 0.4ms
[3012.468s][info][gc,phases   ] GC(14)   Evacuate Collection Set: 34.2ms
[3012.468s][info][gc,phases   ] GC(14)   Post Evacuate Collection Set: 1.2ms
[3012.468s][info][gc,phases   ] GC(14)   Other: 0.1ms
[3012.468s][info][gc,heap     ] GC(14) Eden regions: 200->0(201)
[3012.468s][info][gc,heap     ] GC(14) Survivor regions: 4->3(26)
[3012.468s][info][gc,heap     ] GC(14) Old regions: 41->41
[3012.468s][info][gc,heap     ] GC(14) Humongous regions: 0->0
[3012.468s][info][gc,metaspace] GC(14) Metaspace: 176049K(177856K)->176049K(177856K) NonClass: 149456K(150464K)->149456K(150464K) Class: 26593K(27392K)->26593K(27392K)
[3012.468s][info][gc          ] GC(14) Pause Young (Mixed) (G1 Evacuation Pause) 1953M->351M(8192M) 36.948ms
[3012.468s][info][gc,cpu      ] GC(14) User=0.15s Sys=0.00s Real=0.04s
[4493.295s][info][gc,start    ] GC(15) Pause Young (Mixed) (G1 Evacuation Pause)
[4493.295s][info][gc,task     ] GC(15) Using 4 workers of 4 for evacuation
[4493.329s][info][gc,phases   ] GC(15)   Pre Evacuate Collection Set: 1.2ms
[4493.329s][info][gc,phases   ] GC(15)   Merge Heap Roots: 0.2ms
[4493.329s][info][gc,phases   ] GC(15)   Evacuate Collection Set: 30.6ms
[4493.329s][info][gc,phases   ] GC(15)   Post Evacuate Collection Set: 1.6ms
[4493.329s][info][gc,phases   ] GC(15)   Other: 0.1ms
[4493.329s][info][gc,heap     ] GC(15) Eden regions: 201->0(201)
[4493.329s][info][gc,heap     ] GC(15) Survivor regions: 3->3(26)
[4493.329s][info][gc,heap     ] GC(15) Old regions: 41->41
[4493.329s][info][gc,heap     ] GC(15) Humongous regions: 0->0
[4493.329s][info][gc,metaspace] GC(15) Metaspace: 176203K(177984K)->176203K(177984K) NonClass: 149610K(150592K)->149610K(150592K) Class: 26593K(27392K)->26593K(27392K)
[4493.329s][info][gc          ] GC(15) Pause Young (Mixed) (G1 Evacuation Pause) 1959M->349M(8192M) 34.009ms
[4493.329s][info][gc,cpu      ] GC(15) User=0.13s Sys=0.00s Real=0.04s
[5162.230s][info][gc,heap,exit] Heap
[5162.230s][info][gc,heap,exit]  garbage-first heap   total 8388608K, used 1131696K [0x0000000600000000, 0x0000000800000000)
[5162.230s][info][gc,heap,exit]   region size 8192K, 98 young (802816K), 3 survivors (24576K)
[5162.230s][info][gc,heap,exit]  Metaspace       used 176508K, committed 178240K, reserved 1245184K
[5162.230s][info][gc,heap,exit]   class space    used 26635K, committed 27392K, reserved 1048576K
