[00:08:51] [ServerMain/INFO]: [bootstrap] Running Java 21 (OpenJDK 64-Bit Server VM 21.0.6+7-LTS; Eclipse Adoptium Temurin-21.0.6+7) on Linux 6.8.0-1023-oracle (aarch64)
[00:08:51] [ServerMain/INFO]: [bootstrap] Loading Purpur 1.21.1-2329-ver/1.21.1@803bf62 (2024-10-31T20:25:04Z) for Minecraft 1.21.1
[00:08:52] [ServerMain/INFO]: [PluginInitializerManager] Initializing plugins...
[00:08:53] [ServerMain/INFO]: [PluginInitializerManager] Initialized 20 plugins
[00:08:53] [ServerMain/INFO]: [PluginInitializerManager] Bukkit plugins (20):
 - AuthMe (5.7.0-SNAPSHOT-b2642), AxTrade (1.15.1), BetterTeams (4.12.0), BountySeekers (2.0.0), BungeeGuard (1.4.5), Chunky (1.4.36), Essentials (2.21.0), EssentialsProtect (2.21.0), EssentialsSpawn (2.21.0), LuckPerms (5.4.145), Multiverse-Core (4.3.16), Multiverse-Inventories (4.2.8), ProtocolLib (5.3.0), Vault (2.10.0), ViaBackwards (5.3.2), ViaRewind (4.0.7), ViaRewind-Legacy-Support (1.5.2), ViaVersion (5.3.2), WorldEdit (7.3.9+6959-7adf70b), WorldGuard (7.0.12+829a4a4)
[00:08:57] [ServerMain/INFO]: Environment: Environment[sessionHost=https://sessionserver.mojang.com, servicesHost=https://api.minecraftservices.com, name=PROD]
[00:08:59] [ServerMain/INFO]: Loaded 1290 recipes
[00:09:00] [ServerMain/INFO]: Loaded 1399 advancements
[00:09:00] [Server thread/INFO]: Starting minecraft server version 1.21.1
[00:09:00] [Server thread/INFO]: Loading properties
[00:09:00] [Server thread/INFO]: This server is running Purpur version 1.21.1-2329-ver/1.21.1@803bf62 (2024-10-31T20:25:04Z) (Implementing API version 1.21.1-R0.1-SNAPSHOT)
[00:09:01] [Server thread/INFO]: [spark] This server bundles the spark profiler. For more information please visit https://docs.papermc.io/paper/profiling
[00:09:01] [Server thread/INFO]: Server Ping Player Sample Count: 12
[00:09:01] [Server thread/INFO]: Using 4 threads for Netty based IO
[00:09:02] [Server thread/INFO]: [ChunkTaskScheduler] Chunk system is using 1 I/O threads, 1 worker threads, and population gen parallelism of 1 threads
[00:09:02] [Server thread/WARN]: [Pufferfish] SIMD operations are available for your server, but are not configured!
[00:09:02] [Server thread/WARN]: [Pufferfish] To enable additional optimizations, add "--add-modules=jdk.incubator.vector" to your startup flags, BEFORE the "-jar".
[00:09:02] [Server thread/WARN]: [Pufferfish] If you have already added this flag, then SIMD operations are not supported on your JVM or CPU.
[00:09:02] [Server thread/WARN]: [Pufferfish] Debug: Java: 21.0.6, test run: true
[00:09:02] [Server thread/INFO]: Default game type: SURVIVAL
[00:09:02] [Server thread/INFO]: Generating keypair
[00:09:02] [Server thread/INFO]: Starting Minecraft server on localhost:25567
[00:09:02] [Server thread/INFO]: Using epoll channel type
[00:09:02] [Server thread/INFO]: Paper: Using libdeflate (Linux aarch64) compression from Velocity.
[00:09:02] [Server thread/INFO]: Paper: Using OpenSSL 3.x.x (Linux aarch64) cipher from Velocity.
[00:09:03] [Server thread/INFO]: [SpigotLibraryLoader] [AuthMe] Loading 17 libraries... please wait
[00:09:04] [Server thread/INFO]: [SpigotLibraryLoader] [AuthMe] Loaded library /home/ubuntu/server/1.21.1-Eaglercraft-Server/main/libraries/ch/jalu/injector/1.0/injector-1.0.jar
[00:09:04] [Server thread/INFO]: [SpigotLibraryLoader] [AuthMe] Loaded library /home/ubuntu/server/1.21.1-Eaglercraft-Server/main/libraries/javax/inject/javax.inject/1/javax.inject-1.jar
[00:09:04] [Server thread/INFO]: [SpigotLibraryLoader] [AuthMe] Loaded library /home/ubuntu/server/1.21.1-Eaglercraft-Server/main/libraries/javax/annotation/javax.annotation-api/1.3.1/javax.annotation-api-1.3.1.jar
[00:09:04] [Server thread/INFO]: [SpigotLibraryLoader] [AuthMe] Loaded library /home/ubuntu/server/1.21.1-Eaglercraft-Server/main/libraries/net/ricecode/string-similarity/1.0.0/string-similarity-1.0.0.jar
[00:09:04] [Server thread/INFO]: [SpigotLibraryLoader] [AuthMe] Loaded library /home/ubuntu/server/1.21.1-Eaglercraft-Server/main/libraries/com/maxmind/geoip2/geoip2/4.2.0/geoip2-4.2.0.jar
[00:09:04] [Server thread/INFO]: [SpigotLibraryLoader] [AuthMe] Loaded library /home/ubuntu/server/1.21.1-Eaglercraft-Server/main/libraries/com/maxmind/db/maxmind-db/3.1.0/maxmind-db-3.1.0.jar
[00:09:04] [Server thread/INFO]: [SpigotLibraryLoader] [AuthMe] Loaded library /home/ubuntu/server/1.21.1-Eaglercraft-Server/main/libraries/com/fasterxml/jackson/core/jackson-databind/2.16.0/jackson-databind-2.16.0.jar
[00:09:04] [Server thread/INFO]: [SpigotLibraryLoader] [AuthMe] Loaded library /home/ubuntu/server/1.21.1-Eaglercraft-Server/main/libraries/com/fasterxml/jackson/core/jackson-core/2.16.0/jackson-core-2.16.0.jar
[00:09:04] [Server thread/INFO]: [SpigotLibraryLoader] [AuthMe] Loaded library /home/ubuntu/server/1.21.1-Eaglercraft-Server/main/libraries/com/fasterxml/jackson/core/jackson-annotations/2.16.0/jackson-annotations-2.16.0.jar
[00:09:04] [Server thread/INFO]: [SpigotLibraryLoader] [AuthMe] Loaded library /home/ubuntu/server/1.21.1-Eaglercraft-Server/main/libraries/javatar/javatar/2.5/javatar-2.5.jar
[00:09:04] [Server thread/INFO]: [SpigotLibraryLoader] [AuthMe] Loaded library /home/ubuntu/server/1.21.1-Eaglercraft-Server/main/libraries/org/apache/commons/commons-email/1.6.0/commons-email-1.6.0.jar
[00:09:04] [Server thread/INFO]: [SpigotLibraryLoader] [AuthMe] Loaded library /home/ubuntu/server/1.21.1-Eaglercraft-Server/main/libraries/com/sun/mail/jakarta.mail/1.6.7/jakarta.mail-1.6.7.jar
[00:09:04] [Server thread/INFO]: [SpigotLibraryLoader] [AuthMe] Loaded library /home/ubuntu/server/1.21.1-Eaglercraft-Server/main/libraries/com/sun/activation/jakarta.activation/1.2.1/jakarta.activation-1.2.1.jar
[00:09:04] [Server thread/INFO]: [SpigotLibraryLoader] [AuthMe] Loaded library /home/ubuntu/server/1.21.1-Eaglercraft-Server/main/libraries/com/zaxxer/HikariCP/5.1.0/HikariCP-5.1.0.jar
[00:09:04] [Server thread/INFO]: [SpigotLibraryLoader] [AuthMe] Loaded library /home/ubuntu/server/1.21.1-Eaglercraft-Server/main/libraries/org/slf4j/slf4j-api/1.7.36/slf4j-api-1.7.36.jar
[00:09:04] [Server thread/INFO]: [SpigotLibraryLoader] [AuthMe] Loaded library /home/ubuntu/server/1.21.1-Eaglercraft-Server/main/libraries/org/slf4j/slf4j-simple/2.0.13/slf4j-simple-2.0.13.jar
[00:09:04] [Server thread/INFO]: [SpigotLibraryLoader] [AuthMe] Loaded library /home/ubuntu/server/1.21.1-Eaglercraft-Server/main/libraries/ch/jalu/datasourcecolumns/0.1.2/datasourcecolumns-0.1.2.jar
[00:09:04] [Server thread/INFO]: [SpigotLibraryLoader] [AuthMe] Loaded library /home/ubuntu/server/1.21.1-Eaglercraft-Server/main/libraries/com/mysql/mysql-connector-j/8.4.0/mysql-connector-j-8.4.0.jar
[00:09:04] [Server thread/INFO]: [SpigotLibraryLoader] [AuthMe] Loaded library /home/ubuntu/server/1.21.1-Eaglercraft-Server/main/libraries/com/google/protobuf/protobuf-java/3.25.1/protobuf-java-3.25.1.jar
[00:09:04] [Server thread/INFO]: [SpigotLibraryLoader] [AuthMe] Loaded library /home/ubuntu/server/1.21.1-Eaglercraft-Server/main/libraries/org/mariadb/jdbc/mariadb-java-client/3.4.0/mariadb-java-client-3.4.0.jar
[00:09:04] [Server thread/INFO]: [SpigotLibraryLoader] [AuthMe] Loaded library /home/ubuntu/server/1.21.1-Eaglercraft-Server/main/libraries/com/github/waffle/waffle-jna/3.3.0/waffle-jna-3.3.0.jar
[00:09:04] [Server thread/INFO]: [SpigotLibraryLoader] [AuthMe] Loaded library /home/ubuntu/server/1.21.1-Eaglercraft-Server/main/libraries/net/java/dev/jna/jna-platform/5.13.0/jna-platform-5.13.0.jar
[00:09:04] [Server thread/INFO]: [SpigotLibraryLoader] [AuthMe] Loaded library /home/ubuntu/server/1.21.1-Eaglercraft-Server/main/libraries/org/slf4j/jcl-over-slf4j/2.0.7/jcl-over-slf4j-2.0.7.jar
[00:09:04] [Server thread/INFO]: [SpigotLibraryLoader] [AuthMe] Loaded library /home/ubuntu/server/1.21.1-Eaglercraft-Server/main/libraries/com/github/ben-manes/caffeine/caffeine/2.9.3/caffeine-2.9.3.jar
[00:09:04] [Server thread/INFO]: [SpigotLibraryLoader] [AuthMe] Loaded library /home/ubuntu/server/1.21.1-Eaglercraft-Server/main/libraries/com/google/errorprone/error_prone_annotations/2.10.0/error_prone_annotations-2.10.0.jar
[00:09:04] [Server thread/INFO]: [SpigotLibraryLoader] [AuthMe] Loaded library /home/ubuntu/server/1.21.1-Eaglercraft-Server/main/libraries/org/postgresql/postgresql/42.7.3/postgresql-42.7.3.jar
[00:09:04] [Server thread/INFO]: [SpigotLibraryLoader] [AuthMe] Loaded library /home/ubuntu/server/1.21.1-Eaglercraft-Server/main/libraries/org/checkerframework/checker-qual/3.42.0/checker-qual-3.42.0.jar
[00:09:04] [Server thread/INFO]: [SpigotLibraryLoader] [AuthMe] Loaded library /home/ubuntu/server/1.21.1-Eaglercraft-Server/main/libraries/de/rtner/PBKDF2/1.1.4/PBKDF2-1.1.4.jar
[00:09:04] [Server thread/INFO]: [SpigotLibraryLoader] [AuthMe] Loaded library /home/ubuntu/server/1.21.1-Eaglercraft-Server/main/libraries/org/picketbox/picketbox/4.0.21.Final/picketbox-4.0.21.Final.jar
[00:09:04] [Server thread/INFO]: [SpigotLibraryLoader] [AuthMe] Loaded library /home/ubuntu/server/1.21.1-Eaglercraft-Server/main/libraries/de/mkammerer/argon2-jvm-nolibs/2.11/argon2-jvm-nolibs-2.11.jar
[00:09:04] [Server thread/INFO]: [SpigotLibraryLoader] [AuthMe] Loaded library /home/ubuntu/server/1.21.1-Eaglercraft-Server/main/libraries/net/java/dev/jna/jna/5.8.0/jna-5.8.0.jar
[00:09:04] [Server thread/INFO]: [SpigotLibraryLoader] [AuthMe] Loaded library /home/ubuntu/server/1.21.1-Eaglercraft-Server/main/libraries/at/favre/lib/bcrypt/0.10.2/bcrypt-0.10.2.jar
[00:09:04] [Server thread/INFO]: [SpigotLibraryLoader] [AuthMe] Loaded library /home/ubuntu/server/1.21.1-Eaglercraft-Server/main/libraries/at/favre/lib/bytes/1.5.0/bytes-1.5.0.jar
[00:09:04] [Server thread/INFO]: [SpigotLibraryLoader] [AuthMe] Loaded library /home/ubuntu/server/1.21.1-Eaglercraft-Server/main/libraries/com/warrenstrange/googleauth/1.5.0/googleauth-1.5.0.jar
[00:09:04] [Server thread/INFO]: [SpigotLibraryLoader] [AuthMe] Loaded library /home/ubuntu/server/1.21.1-Eaglercraft-Server/main/libraries/commons-codec/commons-codec/1.14/commons-codec-1.14.jar
[00:09:04] [Server thread/INFO]: [SpigotLibraryLoader] [AuthMe] Loaded library /home/ubuntu/server/1.21.1-Eaglercraft-Server/main/libraries/org/apache/httpcomponents/httpclient/4.5.12/httpclient-4.5.12.jar
[00:09:04] [Server thread/INFO]: [SpigotLibraryLoader] [AuthMe] Loaded library /home/ubuntu/server/1.21.1-Eaglercraft-Server/main/libraries/org/apache/httpcomponents/httpcore/4.4.13/httpcore-4.4.13.jar
[00:09:04] [Server thread/INFO]: [SpigotLibraryLoader] [AuthMe] Loaded library /home/ubuntu/server/1.21.1-Eaglercraft-Server/main/libraries/commons-logging/commons-logging/1.2/commons-logging-1.2.jar
[00:09:04] [Server thread/INFO]: [SpigotLibraryLoader] [AuthMe] Loaded library /home/ubuntu/server/1.21.1-Eaglercraft-Server/main/libraries/ch/jalu/configme/1.3.1/configme-1.3.1.jar
[00:09:04] [Server thread/INFO]: [SpigotLibraryLoader] [AuthMe] Loaded library /home/ubuntu/server/1.21.1-Eaglercraft-Server/main/libraries/org/yaml/snakeyaml/2.0/snakeyaml-2.0.jar
[00:09:04] [Server thread/INFO]: [SpigotLibraryLoader] [AuthMe] Loaded library /home/ubuntu/server/1.21.1-Eaglercraft-Server/main/libraries/org/bstats/bstats-bukkit/3.0.2/bstats-bukkit-3.0.2.jar
[00:09:04] [Server thread/INFO]: [SpigotLibraryLoader] [AuthMe] Loaded library /home/ubuntu/server/1.21.1-Eaglercraft-Server/main/libraries/org/bstats/bstats-base/3.0.2/bstats-base-3.0.2.jar
[00:09:04] [Server thread/INFO]: [ViaVersion] Loading server plugin ViaVersion v5.3.2
[00:09:04] [Server thread/INFO]: [ViaVersion] ViaVersion 5.3.2 is now loaded. Registering protocol transformers and injecting...
[00:09:05] [Via-Mappingloader-0/INFO]: [ViaVersion] Loading block connection mappings ...
[00:09:05] [Via-Mappingloader-0/INFO]: [ViaVersion] Using FastUtil Long2ObjectOpenHashMap for block connections
[00:09:05] [Server thread/INFO]: [ViaBackwards] Loading translations...
[00:09:05] [Server thread/INFO]: [ViaBackwards] Registering protocols...
[00:09:06] [Server thread/INFO]: [ViaRewind] Registering protocols...
[00:09:06] [Server thread/INFO]: [LuckPerms] Loading server plugin LuckPerms v5.4.145
[00:09:06] [Server thread/INFO]: [Vault] Loading server plugin Vault v2.10.0
[00:09:06] [Server thread/INFO]: [ViaBackwards] Loading server plugin ViaBackwards v5.3.2
[00:09:06] [Server thread/INFO]: [Essentials] Loading server plugin Essentials v2.21.0
[00:09:06] [Server thread/INFO]: [WorldEdit] Loading server plugin WorldEdit v7.3.9+6959-7adf70b
[00:09:07] [Server thread/INFO]: Got request to register class com.sk89q.worldedit.bukkit.BukkitServerInterface with WorldEdit [com.sk89q.worldedit.extension.platform.PlatformManager@da1edf4]
[00:09:07] [Server thread/INFO]: [ViaRewind] Loading server plugin ViaRewind v4.0.7
[00:09:07] [Server thread/INFO]: [ProtocolLib] Loading server plugin ProtocolLib v5.3.0
[00:09:07] [Server thread/INFO]: [Multiverse-Core] Loading server plugin Multiverse-Core v4.3.16
[00:09:07] [Server thread/INFO]: [EssentialsSpawn] Loading server plugin EssentialsSpawn v2.21.0
[00:09:07] [Server thread/INFO]: [WorldGuard] Loading server plugin WorldGuard v7.0.12+829a4a4
[00:09:07] [Server thread/INFO]: [ViaRewind-Legacy-Support] Loading server plugin ViaRewind-Legacy-Support v1.5.2
[00:09:07] [Server thread/INFO]: [AuthMe] Loading server plugin AuthMe v5.7.0-SNAPSHOT-b2642
[00:09:07] [Server thread/INFO]: [EssentialsProtect] Loading server plugin EssentialsProtect v2.21.0
[00:09:07] [Server thread/INFO]: [BetterTeams] Loading server plugin BetterTeams v4.12.0
[00:09:07] [Server thread/INFO]: [BetterTeams] [BetterTeams] Checking if the file config.yml is up to date
[00:09:07] [Server thread/INFO]: [BetterTeams] [BetterTeams] File is up to date
[00:09:07] [Server thread/INFO]: [Multiverse-Inventories] Loading server plugin Multiverse-Inventories v4.2.8
[00:09:07] [Server thread/INFO]: [BountySeekers] Loading server plugin BountySeekers v2.0.0
[00:09:07] [Server thread/INFO]: [AxTrade] Loading server plugin AxTrade v1.15.1
[00:09:07] [Server thread/INFO]: [Chunky] Loading server plugin Chunky v1.4.36
[00:09:07] [Server thread/INFO]: [BungeeGuard] Loading server plugin BungeeGuard v1.4.5
[00:09:07] [Server thread/INFO]: Server permissions file permissions.yml is empty, ignoring it
[00:09:07] [Server thread/INFO]: [LuckPerms] Enabling LuckPerms v5.4.145
[00:09:08] [Server thread/INFO]:         __    
[00:09:08] [Server thread/INFO]:   |    |__)   LuckPerms v5.4.145
[00:09:08] [Server thread/INFO]:   |___ |      Running on Bukkit - Purpur
[00:09:08] [Server thread/INFO]: 
[00:09:08] [Server thread/INFO]: [LuckPerms] Loading configuration...
[00:09:08] [Server thread/INFO]: [LuckPerms] Loading storage provider... [H2]
[00:09:09] [Server thread/INFO]: [LuckPerms] Loading internal permission managers...
[00:09:09] [Server thread/INFO]: [LuckPerms] Performing initial data load...
[00:09:09] [Server thread/INFO]: [LuckPerms] Successfully enabled. (took 1699ms)
[00:09:09] [Server thread/INFO]: [Vault] Enabling Vault v2.10.0
[00:09:09] [Server thread/INFO]: [Vault] Enabled Version 2.10.0
[00:09:09] [Server thread/INFO]: [LuckPerms] Registered Vault permission & chat hook.
[00:09:09] [Server thread/INFO]: [WorldEdit] Enabling WorldEdit v7.3.9+6959-7adf70b
[00:09:09] [Server thread/INFO]: Registering commands with com.sk89q.worldedit.bukkit.BukkitServerInterface
[00:09:09] [Server thread/INFO]: WEPIF: Vault detected! Using Vault for permissions
[00:09:10] [Server thread/INFO]: Using com.sk89q.worldedit.bukkit.adapter.impl.v1_21.PaperweightAdapter as the Bukkit adapter
[00:09:11] [Server thread/INFO]: [ViaRewind] Enabling ViaRewind v4.0.7
[00:09:11] [Server thread/INFO]: [ProtocolLib] Enabling ProtocolLib v5.3.0
[00:09:11] [Server thread/INFO]: [BungeeGuard] Enabling BungeeGuard v1.4.5
[00:09:11] [Server thread/INFO]: [BungeeGuard] Using Paper's PlayerHandshakeEvent to listen for connections.
[00:09:11] [Server thread/WARN]: **** SERVER IS RUNNING IN OFFLINE/INSECURE MODE!
[00:09:11] [Server thread/WARN]: The server will make no attempt to authenticate usernames. Beware.
[00:09:11] [Server thread/WARN]: Whilst this makes it possible to use BungeeCord, unless access to your server is properly restricted, it also opens up the ability for hackers to connect with any username they choose.
[00:09:11] [Server thread/WARN]: Please see http://www.spigotmc.org/wiki/firewall-guide/ for further information.
[00:09:11] [Server thread/WARN]: To change this, set "online-mode" to "true" in the server.properties file.
[00:09:11] [Server thread/INFO]: Preparing level "world"
[00:09:13] [Server thread/INFO]: Preparing start region for dimension minecraft:overworld
[00:09:14] [Server thread/INFO]: Time elapsed: 1123 ms
[00:09:14] [Server thread/INFO]: Preparing start region for dimension minecraft:the_nether
[00:09:14] [Server thread/INFO]: Time elapsed: 212 ms
[00:09:14] [Server thread/INFO]: Preparing start region for dimension minecraft:the_end
[00:09:14] [Server thread/INFO]: Time elapsed: 124 ms
[00:09:14] [Server thread/INFO]: [ViaVersion] Enabling ViaVersion v5.3.2
[00:09:14] [Server thread/INFO]: [ViaVersion] ViaVersion detected server version: 1.21-1.21.1 (767)
[00:09:14] [Server thread/INFO]: [ViaBackwards] Enabling ViaBackwards v5.3.2
[00:09:14] [Server thread/INFO]: [Essentials] Enabling Essentials v2.21.0
[00:09:15] [Server thread/ERROR]: [Essentials] You are running an unsupported server version!
[00:09:15] [Server thread/INFO]: [Essentials] Attempting to convert old kits in config.yml to new kits.yml
[00:09:15] [Server thread/INFO]: [Essentials] No kits found to migrate.
[00:09:15] [Server thread/INFO]: [Essentials] Selected 1.14+ Sign Data Provider as the provider for SignDataProvider
[00:09:15] [Server thread/INFO]: [Essentials] Selected 1.8.3+ Spawner Item Provider as the provider for SpawnerItemProvider
[00:09:15] [Server thread/INFO]: [Essentials] Selected 1.20.6+ Potion Meta Provider as the provider for PotionMetaProvider
[00:09:15] [Server thread/INFO]: [Essentials] Selected Reflection Online Mode Provider as the provider for OnlineModeProvider
[00:09:15] [Server thread/INFO]: [Essentials] Selected Reflection Sync Commands Provider as the provider for SyncCommandsProvider
[00:09:15] [Server thread/INFO]: [Essentials] Selected 1.21+ InventoryView Interface ABI Provider as the provider for InventoryViewProvider
[00:09:15] [Server thread/INFO]: [Essentials] Selected 1.12.2+ Player Locale Provider as the provider for PlayerLocaleProvider
[00:09:15] [Server thread/INFO]: [Essentials] Selected Reflection Formatted Command Alias Provider as the provider for FormattedCommandAliasProvider
[00:09:15] [Server thread/INFO]: [Essentials] Selected Paper Container Provider as the provider for ContainerProvider
[00:09:15] [Server thread/INFO]: [Essentials] Selected 1.11+ Item Unbreakable Provider as the provider for ItemUnbreakableProvider
[00:09:15] [Server thread/INFO]: [Essentials] Selected Paper Material Tag Provider as the provider for MaterialTagProvider
[00:09:15] [Server thread/INFO]: [Essentials] Selected Paper Tick Count Provider as the provider for TickCountProvider
[00:09:15] [Server thread/INFO]: [Essentials] Selected 1.20.4+ Damage Event Provider as the provider for DamageEventProvider
[00:09:15] [Server thread/INFO]: [Essentials] Selected 1.17.1+ World Info Provider as the provider for WorldInfoProvider
[00:09:15] [Server thread/INFO]: [Essentials] Selected Paper Serialization Provider as the provider for SerializationProvider
[00:09:15] [Server thread/INFO]: [Essentials] Selected 1.12+ Spawner Block Provider as the provider for SpawnerBlockProvider
[00:09:15] [Server thread/INFO]: [Essentials] Selected Paper Known Commands Provider as the provider for KnownCommandsProvider
[00:09:15] [Server thread/INFO]: [Essentials] Selected 1.14.4+ Persistent Data Container Provider as the provider for PersistentDataProvider
[00:09:15] [Server thread/INFO]: [Essentials] Selected 1.20.5+ Banner Data Provider as the provider for BannerDataProvider
[00:09:15] [Server thread/INFO]: [Essentials] Selected Paper Server State Provider as the provider for ServerStateProvider
[00:09:15] [Server thread/INFO]: [Essentials] Selected Paper Biome Key Provider as the provider for BiomeKeyProvider
[00:09:15] [Server thread/INFO]: [Essentials] Selected 1.13+ Spawn Egg Provider as the provider for SpawnEggProvider
[00:09:15] [Server thread/INFO]: [Essentials] Loaded 43517 items from items.json.
[00:09:15] [Server thread/INFO]: [Essentials] Using locale en
[00:09:15] [Server thread/INFO]: [Essentials] ServerListPingEvent: Spigot iterator API
[00:09:16] [Server thread/INFO]: [Essentials] Starting Metrics. Opt-out using the global bStats config.
[00:09:16] [Server thread/INFO]: [Essentials] Using Vault based permissions (LuckPerms)
[00:09:16] [Server thread/INFO]: [Multiverse-Core] Enabling Multiverse-Core v4.3.16
[00:09:16] [Server thread/WARN]: [Multiverse-Core] "Multiverse-Core v4.3.16" has registered a listener for org.bukkit.event.entity.EntityCreatePortalEvent on method "public void com.onarandombox.MultiverseCore.listeners.MVPortalListener.entityPortalCreate(org.bukkit.event.entity.EntityCreatePortalEvent)", but the event is Deprecated. "Server performance will be affected"; please notify the authors [dumptruckman, Rigby, fernferret, lithium3141, main--].
[00:09:16] [Server thread/INFO]: [Multiverse-Core] §aWe are aware of the warning about the deprecated event. There is no alternative that allows us to do what we need to do and performance impact is negligible. It is safe to ignore.
[00:09:16] [Server thread/INFO]: [Multiverse-Core] 3 - World(s) loaded.
[00:09:16] [Server thread/WARN]: [Multiverse-Core] Buscript failed to load! The script command will be disabled! If you would like not to see this message, use `/mv conf enablebuscript false` to disable Buscript from loading.
[00:09:16] [Server thread/INFO]: [Multiverse-Core] Version 4.3.16 (API v24) Enabled - By dumptruckman, Rigby, fernferret, lithium3141 and main--
[00:09:16] [Server thread/INFO]: [EssentialsSpawn] Enabling EssentialsSpawn v2.21.0
[00:09:16] [Server thread/INFO]: [EssentialsSpawn] Starting Metrics. Opt-out using the global bStats config.
[00:09:16] [Server thread/INFO]: [WorldGuard] Enabling WorldGuard v7.0.12+829a4a4
[00:09:16] [Server thread/INFO]: [WorldGuard] (world) TNT ignition is PERMITTED.
[00:09:16] [Server thread/INFO]: [WorldGuard] (world) Lighters are PERMITTED.
[00:09:16] [Server thread/INFO]: [WorldGuard] (world) Lava fire is PERMITTED.
[00:09:16] [Server thread/INFO]: [WorldGuard] (world) Fire spread is UNRESTRICTED.
[00:09:16] [Server thread/INFO]: [WorldGuard] Loaded configuration for world 'world'
[00:09:16] [Server thread/INFO]: [WorldGuard] (world_nether) TNT ignition is PERMITTED.
[00:09:16] [Server thread/INFO]: [WorldGuard] (world_nether) Lighters are PERMITTED.
[00:09:16] [Server thread/INFO]: [WorldGuard] (world_nether) Lava fire is PERMITTED.
[00:09:16] [Server thread/INFO]: [WorldGuard] (world_nether) Fire spread is UNRESTRICTED.
[00:09:16] [Server thread/INFO]: [WorldGuard] Loaded configuration for world 'world_nether'
[00:09:16] [Server thread/INFO]: [WorldGuard] (world_the_end) TNT ignition is PERMITTED.
[00:09:16] [Server thread/INFO]: [WorldGuard] (world_the_end) Lighters are PERMITTED.
[00:09:16] [Server thread/INFO]: [WorldGuard] (world_the_end) Lava fire is PERMITTED.
[00:09:16] [Server thread/INFO]: [WorldGuard] (world_the_end) Fire spread is UNRESTRICTED.
[00:09:16] [Server thread/INFO]: [WorldGuard] Loaded configuration for world 'world_the_end'
[00:09:16] [Server thread/INFO]: [WorldGuard] Loading region data...
[00:09:17] [Server thread/INFO]: [ViaRewind-Legacy-Support] Enabling ViaRewind-Legacy-Support v1.5.2
[00:09:17] [Server thread/INFO]: [AuthMe] Enabling AuthMe v5.7.0-SNAPSHOT-b2642
[00:09:17] [Server thread/INFO]: [AuthMe] SQLite Setup finished
[00:09:17] [Server thread/INFO]: [AuthMe] Hooked into LuckPerms!
[00:09:18] [Server thread/INFO]: [AuthMe] Hooked successfully into Essentials
[00:09:18] [Server thread/INFO]: [AuthMe] Hooked successfully into Multiverse-Core
[00:09:18] [Server thread/INFO]: [AuthMe] Essentials spawn file not found: '/home/ubuntu/server/1.21.1-Eaglercraft-Server/main/plugins/Essentials/spawn.yml'
[00:09:18] [Server thread/INFO]: [AuthMe] AuthMe 5.7.0-SNAPSHOT build n.2642 successfully enabled!
[00:09:18] [Server thread/INFO]: [EssentialsProtect] Enabling EssentialsProtect v2.21.0
[00:09:18] [Server thread/INFO]: [EssentialsProtect] Continuing to enable Protect.
[00:09:18] [Server thread/INFO]: [EssentialsProtect] Starting Metrics. Opt-out using the global bStats config.
[00:09:18] [Server thread/INFO]: [BetterTeams] Enabling BetterTeams v4.12.0
[00:09:18] [Server thread/INFO]: [BetterTeams] [BetterTeams] Checking if the file messages.yml is up to date
[00:09:18] [Server thread/INFO]: [BetterTeams] [BetterTeams] File is up to date
[00:09:19] [Server thread/INFO]: [BetterTeams] Display team name config value: prefix
[00:09:19] [Server thread/INFO]: [BetterTeams] Loading below name. Type: PREFIX
[00:09:19] [Server thread/INFO]: [BetterTeams] teamManagement declared: com.booksaw.betterTeams.events.MCTeamManagement@3f35ea7b
[00:09:19] [Server thread/INFO]: [Multiverse-Inventories] Enabling Multiverse-Inventories v4.2.8
[00:09:19] [Server thread/INFO]: [Multiverse-Inventories 4.2.8] enabled.
[00:09:19] [Server thread/INFO]: [BountySeekers] Enabling BountySeekers v2.0.0
[00:09:19] [Server thread/INFO]: Enabled BountySeekers v2.0.0
[00:09:19] [Server thread/INFO]: Placeholder API not found - Skipping hook.
[00:09:19] [Server thread/INFO]: [AxTrade] Enabling AxTrade v1.15.1
[00:09:20] [Server thread/INFO]: [AxTrade] Hooked into Vault!
[00:09:21] [Server thread/INFO]: [AxTrade] Loaded plugin!
[00:09:21] [Server thread/INFO]: [Chunky] Enabling Chunky v1.4.36
[00:09:21] [Server thread/WARN]: Could not register alias sell because it contains commands that do not exist: economyshopgui:sellall $1-
[00:09:22] [Server thread/INFO]: [spark] Starting background profiler...
[00:09:22] [Server thread/INFO]: Done preparing level "world" (10.800s)
[00:09:22] [Server thread/INFO]: Running delayed init tasks
[00:09:22] [Server thread/INFO]: [Essentials] Essentials found a compatible payment resolution method: Vault Compatibility Layer (v2.10.0)!
[00:09:22] [Craft Scheduler Thread - 3 - ViaVersion/INFO]: [ViaVersion] Finished mapping loading, shutting down loader executor.
[00:09:22] [Craft Scheduler Thread - 1 - Essentials/INFO]: [Essentials] Fetching version information...
[00:09:22] [Server thread/INFO]: [Chunky] No tasks to continue.
[00:09:22] [Server thread/INFO]: [Multiverse-Inventories] First run!
[00:09:22] [Server thread/INFO]: Done (31.855s)! For help, type "help"
[00:09:22] [Server thread/INFO]: Stopping the server
[00:09:22] [Server thread/INFO]: Stopping server
[00:09:22] [Server thread/INFO]: [BungeeGuard] Disabling BungeeGuard v1.4.5
[00:09:22] [Server thread/INFO]: [Chunky] Disabling Chunky v1.4.36
[00:09:22] [Server thread/INFO]: [AxTrade] Disabling AxTrade v1.15.1
[00:09:22] [Server thread/INFO]: [BountySeekers] Disabling BountySeekers v2.0.0
[00:09:22] [Server thread/INFO]: Disabled BountySeekers v2.0.0
[00:09:22] [Server thread/INFO]: [Multiverse-Inventories] Disabling Multiverse-Inventories v4.2.8
[00:09:22] [Server thread/INFO]: [BetterTeams] Disabling BetterTeams v4.12.0
[00:09:22] [Server thread/INFO]: [EssentialsProtect] Disabling EssentialsProtect v2.21.0
[00:09:22] [Server thread/INFO]: [AuthMe] Disabling AuthMe v5.7.0-SNAPSHOT-b2642
[00:09:22] [Server thread/INFO]: [AuthMe] Waiting for 0 tasks to finish
[00:09:22] [Server thread/INFO]: [AuthMe] AuthMe 5.7.0-SNAPSHOT-b2642 disabled!
[00:09:22] [Server thread/INFO]: [ViaRewind-Legacy-Support] Disabling ViaRewind-Legacy-Support v1.5.2
[00:09:22] [Server thread/INFO]: [WorldGuard] Disabling WorldGuard v7.0.12+829a4a4
[00:09:22] [Server thread/INFO]: [WorldGuard] Shutting down executor and cancelling any pending tasks...
[00:09:22] [Server thread/INFO]: [EssentialsSpawn] Disabling EssentialsSpawn v2.21.0
[00:09:22] [Server thread/INFO]: [Multiverse-Core] Disabling Multiverse-Core v4.3.16
[00:09:22] [Server thread/INFO]: [ProtocolLib] Disabling ProtocolLib v5.3.0
[00:09:22] [Server thread/INFO]: [ViaRewind] Disabling ViaRewind v4.0.7
[00:09:22] [Server thread/INFO]: [WorldEdit] Disabling WorldEdit v7.3.9+6959-7adf70b
[00:09:22] [Craft Scheduler Thread - 4 - AxTrade/WARN]: [AxTrade] Plugin AxTrade v1.15.1 generated an exception while executing task 26
java.lang.NoClassDefFoundError: com/artillexstudios/axtrade/libs/axapi/utils/NumberUtils
	at AxTrade-1.15.1.jar/com.artillexstudios.axtrade.utils.UpdateNotifier.getWeight(UpdateNotifier.java:96) ~[AxTrade-1.15.1.jar:?]
	at AxTrade-1.15.1.jar/com.artillexstudios.axtrade.utils.UpdateNotifier.isLatest(UpdateNotifier.java:90) ~[AxTrade-1.15.1.jar:?]
	at AxTrade-1.15.1.jar/com.artillexstudios.axtrade.utils.UpdateNotifier.lambda$new$1(UpdateNotifier.java:41) ~[AxTrade-1.15.1.jar:?]
	at AxTrade-1.15.1.jar/com.artillexstudios.axtrade.libs.axapi.scheduler.impl.BukkitScheduler.lambda$runAsyncTimer$4(BukkitScheduler.java:71) ~[AxTrade-1.15.1.jar:?]
	at org.bukkit.craftbukkit.scheduler.CraftTask.run(CraftTask.java:88) ~[purpur-1.21.1.jar:1.21.1-2329-803bf62]
	at org.bukkit.craftbukkit.scheduler.CraftAsyncTask.run(CraftAsyncTask.java:57) ~[purpur-1.21.1.jar:1.21.1-2329-803bf62]
	at com.destroystokyo.paper.ServerSchedulerReportingWrapper.run(ServerSchedulerReportingWrapper.java:22) ~[purpur-1.21.1.jar:?]
	at java.base/java.util.concurrent.ThreadPoolExecutor.runWorker(ThreadPoolExecutor.java:1144) ~[?:?]
	at java.base/java.util.concurrent.ThreadPoolExecutor$Worker.run(ThreadPoolExecutor.java:642) ~[?:?]
	at java.base/java.lang.Thread.run(Thread.java:1583) ~[?:?]
Caused by: java.lang.ClassNotFoundException: com.artillexstudios.axtrade.libs.axapi.utils.NumberUtils
	at org.bukkit.plugin.java.PluginClassLoader.loadClass0(PluginClassLoader.java:199) ~[paper-mojangapi-1.21.1-R0.1-SNAPSHOT.jar:?]
	at org.bukkit.plugin.java.PluginClassLoader.loadClass(PluginClassLoader.java:166) ~[paper-mojangapi-1.21.1-R0.1-SNAPSHOT.jar:?]
	at java.base/java.lang.ClassLoader.loadClass(ClassLoader.java:526) ~[?:?]
	... 10 more
[00:09:22] [Server thread/INFO]: Unregistering com.sk89q.worldedit.bukkit.BukkitServerInterface from WorldEdit
[00:09:22] [Server thread/INFO]: [Essentials] Disabling Essentials v2.21.0
[00:09:22] [Server thread/INFO]: [ViaBackwards] Disabling ViaBackwards v5.3.2
[00:09:22] [Server thread/INFO]: [Vault] Disabling Vault v2.10.0
[00:09:22] [Server thread/INFO]: [LuckPerms] Disabling LuckPerms v5.4.145
[00:09:22] [Server thread/INFO]: [LuckPerms] Starting shutdown process...
[00:09:22] [Server thread/INFO]: [LuckPerms] Closing storage...
[00:09:23] [Server thread/INFO]: [LuckPerms] Goodbye!
[00:09:23] [Server thread/INFO]: [ViaVersion] Disabling ViaVersion v5.3.2
[00:09:23] [Server thread/INFO]: [ViaVersion] ViaVersion has been disabled; uninjected the platform and shut down the scheduler.
[00:09:23] [Server thread/INFO]: Saving players
[00:09:23] [Server thread/INFO]: Saving worlds
[00:09:23] [Server thread/INFO]: Saving chunks for level 'ServerLevel[world]'/minecraft:overworld
[00:09:23] [Server thread/INFO]: [ChunkHolderManager] Waiting 60s for chunk system to halt for world 'world'
[00:09:23] [Server thread/INFO]: [ChunkHolderManager] Halted chunk system for world 'world'
[00:09:23] [Server thread/INFO]: [ChunkHolderManager] Saving all chunkholders for world 'world'
[00:09:23] [Server thread/INFO]: [ChunkHolderManager] Saved 49 block chunks, 49 entity chunks, 0 poi chunks in world 'world' in 0.32s
[00:09:23] [Server thread/INFO]: Saving chunks for level 'ServerLevel[world_nether]'/minecraft:the_nether
[00:09:23] [Server thread/INFO]: [ChunkHolderManager] Waiting 60s for chunk system to halt for world 'world_nether'
[00:09:23] [Server thread/INFO]: [ChunkHolderManager] Halted chunk system for world 'world_nether'
[00:09:23] [Server thread/INFO]: [ChunkHolderManager] Saving all chunkholders for world 'world_nether'
[00:09:23] [Server thread/INFO]: [ChunkHolderManager] Saved 49 block chunks, 49 entity chunks, 0 poi chunks in world 'world_nether' in 0.16s
[00:09:23] [Server thread/INFO]: Saving chunks for level 'ServerLevel[world_the_end]'/minecraft:the_end
[00:09:23] [Server thread/INFO]: [ChunkHolderManager] Waiting 60s for chunk system to halt for world 'world_the_end'
[00:09:23] [Server thread/INFO]: [ChunkHolderManager] Halted chunk system for world 'world_the_end'
[00:09:23] [Server thread/INFO]: [ChunkHolderManager] Saving all chunkholders for world 'world_the_end'
[00:09:23] [Server thread/INFO]: [ChunkHolderManager] Saved 49 block chunks, 49 entity chunks, 0 poi chunks in world 'world_the_end' in 0.12s
[00:09:23] [Server thread/INFO]: ThreadedAnvilChunkStorage (world): All chunks are saved
[00:09:23] [Server thread/INFO]: ThreadedAnvilChunkStorage (DIM-1): All chunks are saved
[00:09:23] [Server thread/INFO]: ThreadedAnvilChunkStorage (DIM1): All chunks are saved
[00:09:23] [Server thread/INFO]: ThreadedAnvilChunkStorage: All dimensions are saved
